2026-02-25T16:05:38.518320849Z [err]  2026/02/25 16:05:38 [notice] 1#1: start worker process 16
2026-02-25T16:05:38.518356625Z [err]  2026/02/25 16:05:38 [notice] 1#1: start worker process 4
2026-02-25T16:05:38.518368741Z [err]  2026/02/25 16:05:38 [notice] 1#1: start worker process 5
2026-02-25T16:05:38.518373129Z [err]  2026/02/25 16:05:38 [notice] 1#1: using the "epoll" event method
2026-02-25T16:05:38.518383804Z [err]  2026/02/25 16:05:38 [notice] 1#1: start worker process 6
2026-02-25T16:05:38.518389002Z [err]  2026/02/25 16:05:38 [notice] 1#1: nginx/1.29.5
2026-02-25T16:05:38.518394241Z [err]  2026/02/25 16:05:38 [notice] 1#1: start worker process 7
2026-02-25T16:05:38.518397159Z [err]  2026/02/25 16:05:38 [notice] 1#1: built by gcc 15.2.0 (Alpine 15.2.0) 
2026-02-25T16:05:38.518403686Z [err]  2026/02/25 16:05:38 [notice] 1#1: OS: Linux 6.18.5+deb13-cloud-amd64
2026-02-25T16:05:38.518409243Z [err]  2026/02/25 16:05:38 [notice] 1#1: start worker process 8
2026-02-25T16:05:38.518411567Z [err]  2026/02/25 16:05:38 [notice] 1#1: getrlimit(RLIMIT_NOFILE): 1048576:1048576
2026-02-25T16:05:38.518419422Z [err]  2026/02/25 16:05:38 [notice] 1#1: start worker processes
2026-02-25T16:05:38.518422647Z [err]  2026/02/25 16:05:38 [notice] 1#1: start worker process 9
2026-02-25T16:05:38.518427104Z [err]  2026/02/25 16:05:38 [notice] 1#1: start worker process 3
2026-02-25T16:05:38.518433245Z [err]  2026/02/25 16:05:38 [notice] 1#1: start worker process 10
2026-02-25T16:05:38.518440256Z [err]  2026/02/25 16:05:38 [notice] 1#1: start worker process 11
2026-02-25T16:05:38.518446086Z [err]  2026/02/25 16:05:38 [notice] 1#1: start worker process 12
2026-02-25T16:05:38.518451886Z [err]  2026/02/25 16:05:38 [notice] 1#1: start worker process 13
2026-02-25T16:05:38.518457503Z [err]  2026/02/25 16:05:38 [notice] 1#1: start worker process 14
2026-02-25T16:05:38.518462734Z [err]  2026/02/25 16:05:38 [notice] 1#1: start worker process 15
2026-02-25T16:05:38.519211986Z [err]  2026/02/25 16:05:38 [notice] 1#1: start worker process 17
2026-02-25T16:05:38.519241018Z [err]  2026/02/25 16:05:38 [notice] 1#1: start worker process 18
2026-02-25T16:05:38.519249027Z [err]  2026/02/25 16:05:38 [notice] 1#1: start worker process 19
2026-02-25T16:05:38.519254377Z [err]  2026/02/25 16:05:38 [notice] 1#1: start worker process 20
2026-02-25T16:05:38.519261554Z [err]  2026/02/25 16:05:38 [notice] 1#1: start worker process 21
2026-02-25T16:05:38.519267862Z [err]  2026/02/25 16:05:38 [notice] 1#1: start worker process 22
2026-02-25T16:05:38.519279855Z [err]  2026/02/25 16:05:38 [notice] 1#1: start worker process 23
2026-02-25T16:05:38.519286133Z [err]  2026/02/25 16:05:38 [notice] 1#1: start worker process 24
2026-02-25T16:05:38.519291889Z [err]  2026/02/25 16:05:38 [notice] 1#1: start worker process 25
2026-02-25T16:05:38.519297725Z [err]  2026/02/25 16:05:38 [notice] 1#1: start worker process 26
2026-02-25T16:05:38.519303445Z [err]  2026/02/25 16:05:38 [notice] 1#1: start worker process 27
2026-02-25T16:05:38.519310007Z [err]  2026/02/25 16:05:38 [notice] 1#1: start worker process 28
2026-02-25T16:05:38.519315811Z [err]  2026/02/25 16:05:38 [notice] 1#1: start worker process 29
2026-02-25T16:05:38.519321611Z [err]  2026/02/25 16:05:38 [notice] 1#1: start worker process 30
2026-02-25T16:05:38.519326883Z [err]  2026/02/25 16:05:38 [notice] 1#1: start worker process 31
2026-02-25T16:05:38.519332534Z [err]  2026/02/25 16:05:38 [notice] 1#1: start worker process 32
2026-02-25T16:05:38.519338250Z [err]  2026/02/25 16:05:38 [notice] 1#1: start worker process 33
2026-02-25T16:05:38.519344509Z [err]  2026/02/25 16:05:38 [notice] 1#1: start worker process 34
2026-02-25T16:05:39.030036205Z [inf]  Starting Container
2026-02-25T16:05:58.394072478Z [inf]  100.64.0.2 - - [25/Feb/2026:16:05:51 +0000] "GET / HTTP/1.1" 200 992 "-" "Mozilla/5.0 (Windows NT 10.0; Win64; x64) AppleWebKit/537.36 (KHTML, like Gecko) Chrome/145.0.0.0 Safari/537.36" "84.54.71.143"
2026-02-25T16:05:58.394076145Z [inf]  100.64.0.2 - - [25/Feb/2026:16:05:51 +0000] "GET /assets/index-BPyyB6AE.css HTTP/1.1" 200 21057 "https://frontend-production-76e67.up.railway.app/" "Mozilla/5.0 (Windows NT 10.0; Win64; x64) AppleWebKit/537.36 (KHTML, like Gecko) Chrome/145.0.0.0 Safari/537.36" "84.54.71.143"
2026-02-25T16:05:58.394079481Z [inf]  100.64.0.2 - - [25/Feb/2026:16:05:51 +0000] "GET /assets/react-vendor-CT5mEQkd.js HTTP/1.1" 200 16195 "https://frontend-production-76e67.up.railway.app/" "Mozilla/5.0 (Windows NT 10.0; Win64; x64) AppleWebKit/537.36 (KHTML, like Gecko) Chrome/145.0.0.0 Safari/537.36" "84.54.71.143"
2026-02-25T16:05:58.394082911Z [inf]  100.64.0.2 - - [25/Feb/2026:16:05:51 +0000] "GET /assets/tanstack-vendor-CCMh5Zlj.js HTTP/1.1" 200 16260 "https://frontend-production-76e67.up.railway.app/" "Mozilla/5.0 (Windows NT 10.0; Win64; x64) AppleWebKit/537.36 (KHTML, like Gecko) Chrome/145.0.0.0 Safari/537.36" "84.54.71.143"
2026-02-25T16:05:58.394086103Z [inf]  100.64.0.2 - - [25/Feb/2026:16:05:52 +0000] "GET /assets/index-BRROqpiB.js HTTP/1.1" 200 133728 "https://frontend-production-76e67.up.railway.app/" "Mozilla/5.0 (Windows NT 10.0; Win64; x64) AppleWebKit/537.36 (KHTML, like Gecko) Chrome/145.0.0.0 Safari/537.36" "84.54.71.143"
2026-02-25T16:05:58.394089246Z [inf]  100.64.0.2 - - [25/Feb/2026:16:05:52 +0000] "GET /assets/useGames-BBDoaKJt.js HTTP/1.1" 200 424 "-" "Mozilla/5.0 (Windows NT 10.0; Win64; x64) AppleWebKit/537.36 (KHTML, like Gecko) Chrome/145.0.0.0 Safari/537.36" "84.54.71.143"
2026-02-25T16:05:58.394092645Z [inf]  100.64.0.2 - - [25/Feb/2026:16:05:52 +0000] "GET /assets/HomePage-D6BUOOvk.js HTTP/1.1" 200 4622 "-" "Mozilla/5.0 (Windows NT 10.0; Win64; x64) AppleWebKit/537.36 (KHTML, like Gecko) Chrome/145.0.0.0 Safari/537.36" "84.54.71.143"
2026-02-25T16:05:58.395939848Z [inf]  100.64.0.2 - - [25/Feb/2026:16:05:52 +0000] "GET /assets/useListings-D9qSK99j.js HTTP/1.1" 200 784 "-" "Mozilla/5.0 (Windows NT 10.0; Win64; x64) AppleWebKit/537.36 (KHTML, like Gecko) Chrome/145.0.0.0 Safari/537.36" "84.54.71.143"
2026-02-25T16:05:58.395944405Z [inf]  100.64.0.2 - - [25/Feb/2026:16:05:52 +0000] "GET /assets/AccountCard-91nYtdrl.js HTTP/1.1" 200 1861 "-" "Mozilla/5.0 (Windows NT 10.0; Win64; x64) AppleWebKit/537.36 (KHTML, like Gecko) Chrome/145.0.0.0 Safari/537.36" "84.54.71.143"
2026-02-25T16:05:58.395948971Z [inf]  100.64.0.2 - - [25/Feb/2026:16:05:52 +0000] "GET /assets/users-FvB5zt8b.js HTTP/1.1" 200 272 "-" "Mozilla/5.0 (Windows NT 10.0; Win64; x64) AppleWebKit/537.36 (KHTML, like Gecko) Chrome/145.0.0.0 Safari/537.36" "84.54.71.143"
2026-02-25T16:05:58.395952506Z [inf]  100.64.0.2 - - [25/Feb/2026:16:05:52 +0000] "GET /assets/SkeletonLoader-CMquYRbK.js HTTP/1.1" 200 631 "-" "Mozilla/5.0 (Windows NT 10.0; Win64; x64) AppleWebKit/537.36 (KHTML, like Gecko) Chrome/145.0.0.0 Safari/537.36" "84.54.71.143"
2026-02-25T16:05:58.395955515Z [inf]  100.64.0.2 - - [25/Feb/2026:16:05:52 +0000] "GET /assets/shield-BH90Mg_X.js HTTP/1.1" 200 275 "-" "Mozilla/5.0 (Windows NT 10.0; Win64; x64) AppleWebKit/537.36 (KHTML, like Gecko) Chrome/145.0.0.0 Safari/537.36" "84.54.71.143"
2026-02-25T16:05:58.395958828Z [inf]  100.64.0.2 - - [25/Feb/2026:16:05:52 +0000] "GET /assets/chevron-right-OprQ2sXN.js HTTP/1.1" 200 188 "-" "Mozilla/5.0 (Windows NT 10.0; Win64; x64) AppleWebKit/537.36 (KHTML, like Gecko) Chrome/145.0.0.0 Safari/537.36" "84.54.71.143"
2026-02-25T16:05:58.395963022Z [inf]  100.64.0.2 - - [25/Feb/2026:16:05:52 +0000] "GET /assets/trophy-B8E10EGQ.js HTTP/1.1" 200 325 "-" "Mozilla/5.0 (Windows NT 10.0; Win64; x64) AppleWebKit/537.36 (KHTML, like Gecko) Chrome/145.0.0.0 Safari/537.36" "84.54.71.143"
2026-02-25T16:05:58.395965927Z [inf]  100.64.0.2 - - [25/Feb/2026:16:05:52 +0000] "GET /vite.svg HTTP/1.1" 200 1497 "https://frontend-production-76e67.up.railway.app/" "Mozilla/5.0 (Windows NT 10.0; Win64; x64) AppleWebKit/537.36 (KHTML, like Gecko) Chrome/145.0.0.0 Safari/537.36" "84.54.71.143"
2026-02-25T16:05:58.397672871Z [inf]  100.64.0.2 - - [25/Feb/2026:16:05:52 +0000] "GET /img/icons/Pubg-icon.webp HTTP/1.1" 200 14620 "https://frontend-production-76e67.up.railway.app/" "Mozilla/5.0 (Windows NT 10.0; Win64; x64) AppleWebKit/537.36 (KHTML, like Gecko) Chrome/145.0.0.0 Safari/537.36" "84.54.71.143"
2026-02-25T16:05:58.397680888Z [inf]  100.64.0.2 - - [25/Feb/2026:16:05:52 +0000] "GET /img/icons/ml.webp HTTP/1.1" 200 4120 "https://frontend-production-76e67.up.railway.app/" "Mozilla/5.0 (Windows NT 10.0; Win64; x64) AppleWebKit/537.36 (KHTML, like Gecko) Chrome/145.0.0.0 Safari/537.36" "84.54.71.143"
2026-02-25T16:05:58.397686885Z [inf]  100.64.0.2 - - [25/Feb/2026:16:05:52 +0000] "GET /img/icons/free.webp HTTP/1.1" 200 16472 "https://frontend-production-76e67.up.railway.app/" "Mozilla/5.0 (Windows NT 10.0; Win64; x64) AppleWebKit/537.36 (KHTML, like Gecko) Chrome/145.0.0.0 Safari/537.36" "84.54.71.143"
2026-02-25T16:05:58.397691830Z [inf]  100.64.0.2 - - [25/Feb/2026:16:05:52 +0000] "GET /img/icons/st.webp HTTP/1.1" 200 14330 "https://frontend-production-76e67.up.railway.app/" "Mozilla/5.0 (Windows NT 10.0; Win64; x64) AppleWebKit/537.36 (KHTML, like Gecko) Chrome/145.0.0.0 Safari/537.36" "84.54.71.143"
2026-02-25T16:05:58.397696694Z [inf]  100.64.0.2 - - [25/Feb/2026:16:05:52 +0000] "GET /img/icons/cc.webp HTTP/1.1" 200 15024 "https://frontend-production-76e67.up.railway.app/" "Mozilla/5.0 (Windows NT 10.0; Win64; x64) AppleWebKit/537.36 (KHTML, like Gecko) Chrome/145.0.0.0 Safari/537.36" "84.54.71.143"
2026-02-25T16:05:58.397702004Z [inf]  100.64.0.2 - - [25/Feb/2026:16:05:52 +0000] "GET /img/icons/cal.webp HTTP/1.1" 200 16006 "https://frontend-production-76e67.up.railway.app/" "Mozilla/5.0 (Windows NT 10.0; Win64; x64) AppleWebKit/537.36 (KHTML, like Gecko) Chrome/145.0.0.0 Safari/537.36" "84.54.71.143"
2026-02-25T16:05:58.397707110Z [inf]  100.64.0.2 - - [25/Feb/2026:16:05:52 +0000] "GET /img/icons/roblox.webp HTTP/1.1" 200 1030 "https://frontend-production-76e67.up.railway.app/" "Mozilla/5.0 (Windows NT 10.0; Win64; x64) AppleWebKit/537.36 (KHTML, like Gecko) Chrome/145.0.0.0 Safari/537.36" "84.54.71.143"
2026-02-25T16:05:58.399065625Z [inf]  100.64.0.2 - - [25/Feb/2026:16:05:53 +0000] "GET /img/icons/steam.png HTTP/1.1" 200 572129 "https://frontend-production-76e67.up.railway.app/" "Mozilla/5.0 (Windows NT 10.0; Win64; x64) AppleWebKit/537.36 (KHTML, like Gecko) Chrome/145.0.0.0 Safari/537.36" "84.54.71.143"
2026-02-25T16:05:58.399073298Z [inf]  100.64.0.2 - - [25/Feb/2026:16:05:53 +0000] "GET /img/Pubg/pg.jpg HTTP/1.1" 200 207128 "https://frontend-production-76e67.up.railway.app/" "Mozilla/5.0 (Windows NT 10.0; Win64; x64) AppleWebKit/537.36 (KHTML, like Gecko) Chrome/145.0.0.0 Safari/537.36" "84.54.71.143"
2026-02-25T16:05:58.399078696Z [inf]  100.64.0.2 - - [25/Feb/2026:16:05:53 +0000] "GET /img/Steam/st.jpg HTTP/1.1" 200 54314 "https://frontend-production-76e67.up.railway.app/" "Mozilla/5.0 (Windows NT 10.0; Win64; x64) AppleWebKit/537.36 (KHTML, like Gecko) Chrome/145.0.0.0 Safari/537.36" "84.54.71.143"
2026-02-25T16:05:58.399083378Z [inf]  100.64.0.2 - - [25/Feb/2026:16:05:53 +0000] "GET /img/FireFree/fire.jpg HTTP/1.1" 200 113817 "https://frontend-production-76e67.up.railway.app/" "Mozilla/5.0 (Windows NT 10.0; Win64; x64) AppleWebKit/537.36 (KHTML, like Gecko) Chrome/145.0.0.0 Safari/537.36" "84.54.71.143"
2026-02-25T16:06:02.821956168Z [inf]  100.64.0.2 - - [25/Feb/2026:16:06:02 +0000] "GET /assets/index-BPyyB6AE.css HTTP/1.1" 304 0 "https://frontend-production-76e67.up.railway.app/" "Mozilla/5.0 (Windows NT 10.0; Win64; x64) AppleWebKit/537.36 (KHTML, like Gecko) Chrome/145.0.0.0 Safari/537.36" "84.54.71.143"
2026-02-25T16:06:02.895763912Z [inf]  100.64.0.2 - - [25/Feb/2026:16:06:02 +0000] "GET /assets/useGames-BBDoaKJt.js.map HTTP/1.1" 200 2762 "-" "Mozilla/5.0 (Windows NT 10.0; Win64; x64) AppleWebKit/537.36 (KHTML, like Gecko) Chrome/145.0.0.0 Safari/537.36" "84.54.71.143"
2026-02-25T16:06:02.895772481Z [inf]  100.64.0.2 - - [25/Feb/2026:16:06:02 +0000] "GET /assets/useListings-D9qSK99j.js.map HTTP/1.1" 200 8632 "-" "Mozilla/5.0 (Windows NT 10.0; Win64; x64) AppleWebKit/537.36 (KHTML, like Gecko) Chrome/145.0.0.0 Safari/537.36" "84.54.71.143"
2026-02-25T16:06:02.895778420Z [inf]  100.64.0.2 - - [25/Feb/2026:16:06:02 +0000] "GET /assets/AccountCard-91nYtdrl.js.map HTTP/1.1" 200 13087 "-" "Mozilla/5.0 (Windows NT 10.0; Win64; x64) AppleWebKit/537.36 (KHTML, like Gecko) Chrome/145.0.0.0 Safari/537.36" "84.54.71.143"
2026-02-25T16:06:02.895783894Z [inf]  100.64.0.2 - - [25/Feb/2026:16:06:02 +0000] "GET /assets/users-FvB5zt8b.js.map HTTP/1.1" 200 1180 "-" "Mozilla/5.0 (Windows NT 10.0; Win64; x64) AppleWebKit/537.36 (KHTML, like Gecko) Chrome/145.0.0.0 Safari/537.36" "84.54.71.143"
2026-02-25T16:06:02.895789970Z [inf]  100.64.0.2 - - [25/Feb/2026:16:06:02 +0000] "GET /assets/shield-BH90Mg_X.js.map HTTP/1.1" 200 966 "-" "Mozilla/5.0 (Windows NT 10.0; Win64; x64) AppleWebKit/537.36 (KHTML, like Gecko) Chrome/145.0.0.0 Safari/537.36" "84.54.71.143"
2026-02-25T16:06:02.895795332Z [inf]  100.64.0.2 - - [25/Feb/2026:16:06:02 +0000] "GET /assets/chevron-right-OprQ2sXN.js.map HTTP/1.1" 200 826 "-" "Mozilla/5.0 (Windows NT 10.0; Win64; x64) AppleWebKit/537.36 (KHTML, like Gecko) Chrome/145.0.0.0 Safari/537.36" "84.54.71.143"
2026-02-25T16:06:02.895800492Z [inf]  100.64.0.2 - - [25/Feb/2026:16:06:02 +0000] "GET /assets/SkeletonLoader-CMquYRbK.js.map HTTP/1.1" 200 4722 "-" "Mozilla/5.0 (Windows NT 10.0; Win64; x64) AppleWebKit/537.36 (KHTML, like Gecko) Chrome/145.0.0.0 Safari/537.36" "84.54.71.143"
2026-02-25T16:06:02.895806666Z [inf]  100.64.0.2 - - [25/Feb/2026:16:06:02 +0000] "GET /assets/trophy-B8E10EGQ.js.map HTTP/1.1" 200 1456 "-" "Mozilla/5.0 (Windows NT 10.0; Win64; x64) AppleWebKit/537.36 (KHTML, like Gecko) Chrome/145.0.0.0 Safari/537.36" "84.54.71.143"
2026-02-25T16:06:02.996818432Z [inf]  100.64.0.2 - - [25/Feb/2026:16:06:02 +0000] "GET /assets/HomePage-D6BUOOvk.js.map HTTP/1.1" 200 50263 "-" "Mozilla/5.0 (Windows NT 10.0; Win64; x64) AppleWebKit/537.36 (KHTML, like Gecko) Chrome/145.0.0.0 Safari/537.36" "84.54.71.143"
2026-02-25T16:06:03.166821849Z [inf]  100.64.0.2 - - [25/Feb/2026:16:06:03 +0000] "GET /assets/tanstack-vendor-CCMh5Zlj.js.map HTTP/1.1" 200 183952 "-" "Mozilla/5.0 (Windows NT 10.0; Win64; x64) AppleWebKit/537.36 (KHTML, like Gecko) Chrome/145.0.0.0 Safari/537.36" "84.54.71.143"
2026-02-25T16:06:03.263052020Z [inf]  100.64.0.2 - - [25/Feb/2026:16:06:03 +0000] "GET /assets/react-vendor-CT5mEQkd.js.map HTTP/1.1" 200 435369 "-" "Mozilla/5.0 (Windows NT 10.0; Win64; x64) AppleWebKit/537.36 (KHTML, like Gecko) Chrome/145.0.0.0 Safari/537.36" "84.54.71.143"
2026-02-25T16:06:03.454295771Z [inf]  100.64.0.2 - - [25/Feb/2026:16:06:03 +0000] "GET /assets/index-BRROqpiB.js.map HTTP/1.1" 200 1352968 "-" "Mozilla/5.0 (Windows NT 10.0; Win64; x64) AppleWebKit/537.36 (KHTML, like Gecko) Chrome/145.0.0.0 Safari/537.36" "84.54.71.143"
2026-02-25T16:06:09.284244278Z [inf]  100.64.0.2 - - [25/Feb/2026:16:06:09 +0000] "GET /assets/GoogleLoginButton-SC-shKap.js HTTP/1.1" 200 525 "-" "Mozilla/5.0 (Windows NT 10.0; Win64; x64) AppleWebKit/537.36 (KHTML, like Gecko) Chrome/145.0.0.0 Safari/537.36" "84.54.71.143"
2026-02-25T16:06:09.284249930Z [inf]  100.64.0.2 - - [25/Feb/2026:16:06:09 +0000] "GET /assets/SignupPage-Bb_In7Qe.js HTTP/1.1" 200 3055 "-" "Mozilla/5.0 (Windows NT 10.0; Win64; x64) AppleWebKit/537.36 (KHTML, like Gecko) Chrome/145.0.0.0 Safari/537.36" "84.54.71.143"
2026-02-25T16:06:09.284257549Z [inf]  100.64.0.2 - - [25/Feb/2026:16:06:09 +0000] "GET /assets/lock-sKSLA-4l.js HTTP/1.1" 200 236 "-" "Mozilla/5.0 (Windows NT 10.0; Win64; x64) AppleWebKit/537.36 (KHTML, like Gecko) Chrome/145.0.0.0 Safari/537.36" "84.54.71.143"
2026-02-25T16:06:09.284263649Z [inf]  100.64.0.2 - - [25/Feb/2026:16:06:09 +0000] "GET /assets/eye-off--tMuQKwM.js HTTP/1.1" 200 331 "-" "Mozilla/5.0 (Windows NT 10.0; Win64; x64) AppleWebKit/537.36 (KHTML, like Gecko) Chrome/145.0.0.0 Safari/537.36" "84.54.71.143"
2026-02-25T16:06:09.284269653Z [inf]  100.64.0.2 - - [25/Feb/2026:16:06:09 +0000] "GET /assets/eye-DRteaLrV.js HTTP/1.1" 200 247 "-" "Mozilla/5.0 (Windows NT 10.0; Win64; x64) AppleWebKit/537.36 (KHTML, like Gecko) Chrome/145.0.0.0 Safari/537.36" "84.54.71.143"
2026-02-25T16:06:09.509356101Z [inf]  100.64.0.2 - - [25/Feb/2026:16:06:09 +0000] "GET /assets/eye-off--tMuQKwM.js.map HTTP/1.1" 200 1349 "-" "Mozilla/5.0 (Windows NT 10.0; Win64; x64) AppleWebKit/537.36 (KHTML, like Gecko) Chrome/145.0.0.0 Safari/537.36" "84.54.71.143"
2026-02-25T16:06:09.509361257Z [inf]  100.64.0.2 - - [25/Feb/2026:16:06:09 +0000] "GET /assets/eye-DRteaLrV.js.map HTTP/1.1" 200 1022 "-" "Mozilla/5.0 (Windows NT 10.0; Win64; x64) AppleWebKit/537.36 (KHTML, like Gecko) Chrome/145.0.0.0 Safari/537.36" "84.54.71.143"
2026-02-25T16:06:09.509366591Z [inf]  100.64.0.2 - - [25/Feb/2026:16:06:09 +0000] "GET /assets/GoogleLoginButton-SC-shKap.js.map HTTP/1.1" 200 2597 "-" "Mozilla/5.0 (Windows NT 10.0; Win64; x64) AppleWebKit/537.36 (KHTML, like Gecko) Chrome/145.0.0.0 Safari/537.36" "84.54.71.143"
2026-02-25T16:06:09.509371195Z [inf]  100.64.0.2 - - [25/Feb/2026:16:06:09 +0000] "GET /assets/lock-sKSLA-4l.js.map HTTP/1.1" 200 983 "-" "Mozilla/5.0 (Windows NT 10.0; Win64; x64) AppleWebKit/537.36 (KHTML, like Gecko) Chrome/145.0.0.0 Safari/537.36" "84.54.71.143"
2026-02-25T16:06:09.509375652Z [inf]  100.64.0.2 - - [25/Feb/2026:16:06:09 +0000] "GET /assets/SignupPage-Bb_In7Qe.js.map HTTP/1.1" 200 25643 "-" "Mozilla/5.0 (Windows NT 10.0; Win64; x64) AppleWebKit/537.36 (KHTML, like Gecko) Chrome/145.0.0.0 Safari/537.36" "84.54.71.143"
2026-02-25T16:06:14.754557539Z [inf]  100.64.0.2 - - [25/Feb/2026:16:06:14 +0000] "GET /assets/ProductsPage-81r9BZ0C.js HTTP/1.1" 200 3950 "-" "Mozilla/5.0 (Windows NT 10.0; Win64; x64) AppleWebKit/537.36 (KHTML, like Gecko) Chrome/145.0.0.0 Safari/537.36" "84.54.71.143"
2026-02-25T16:06:14.860745733Z [inf]  100.64.0.2 - - [25/Feb/2026:16:06:14 +0000] "GET /assets/ProductsPage-81r9BZ0C.js.map HTTP/1.1" 200 35269 "-" "Mozilla/5.0 (Windows NT 10.0; Win64; x64) AppleWebKit/537.36 (KHTML, like Gecko) Chrome/145.0.0.0 Safari/537.36" "84.54.71.143"
2026-02-25T16:06:16.765039154Z [inf]  100.64.0.3 - - [25/Feb/2026:16:06:16 +0000] "GET /top HTTP/1.1" 200 992 "-" "Mozilla/5.0 (Windows NT 10.0; Win64; x64) AppleWebKit/537.36 (KHTML, like Gecko) Chrome/145.0.0.0 Safari/537.36" "95.214.210.68"
2026-02-25T16:06:16.912068120Z [inf]  100.64.0.3 - - [25/Feb/2026:16:06:16 +0000] "GET /assets/react-vendor-CT5mEQkd.js HTTP/1.1" 200 16195 "https://frontend-production-76e67.up.railway.app/top" "Mozilla/5.0 (Windows NT 10.0; Win64; x64) AppleWebKit/537.36 (KHTML, like Gecko) Chrome/145.0.0.0 Safari/537.36" "95.214.210.68"
2026-02-25T16:06:16.912072865Z [inf]  100.64.0.3 - - [25/Feb/2026:16:06:16 +0000] "GET /assets/tanstack-vendor-CCMh5Zlj.js HTTP/1.1" 200 16260 "https://frontend-production-76e67.up.railway.app/top" "Mozilla/5.0 (Windows NT 10.0; Win64; x64) AppleWebKit/537.36 (KHTML, like Gecko) Chrome/145.0.0.0 Safari/537.36" "95.214.210.68"
2026-02-25T16:06:16.912079605Z [inf]  100.64.0.3 - - [25/Feb/2026:16:06:16 +0000] "GET /assets/index-BPyyB6AE.css HTTP/1.1" 200 21057 "https://frontend-production-76e67.up.railway.app/top" "Mozilla/5.0 (Windows NT 10.0; Win64; x64) AppleWebKit/537.36 (KHTML, like Gecko) Chrome/145.0.0.0 Safari/537.36" "95.214.210.68"
2026-02-25T16:06:17.073418385Z [inf]  100.64.0.3 - - [25/Feb/2026:16:06:17 +0000] "GET /assets/index-BRROqpiB.js HTTP/1.1" 200 133728 "https://frontend-production-76e67.up.railway.app/top" "Mozilla/5.0 (Windows NT 10.0; Win64; x64) AppleWebKit/537.36 (KHTML, like Gecko) Chrome/145.0.0.0 Safari/537.36" "95.214.210.68"
2026-02-25T16:06:17.801286136Z [inf]  100.64.0.3 - - [25/Feb/2026:16:06:17 +0000] "GET /assets/AccountCard-91nYtdrl.js HTTP/1.1" 200 1861 "-" "Mozilla/5.0 (Windows NT 10.0; Win64; x64) AppleWebKit/537.36 (KHTML, like Gecko) Chrome/145.0.0.0 Safari/537.36" "95.214.210.68"
2026-02-25T16:06:17.801290191Z [inf]  100.64.0.3 - - [25/Feb/2026:16:06:17 +0000] "GET /assets/TopAccountsPage-6uVNGQ50.js HTTP/1.1" 200 1937 "-" "Mozilla/5.0 (Windows NT 10.0; Win64; x64) AppleWebKit/537.36 (KHTML, like Gecko) Chrome/145.0.0.0 Safari/537.36" "95.214.210.68"
2026-02-25T16:06:17.801293839Z [inf]  100.64.0.3 - - [25/Feb/2026:16:06:17 +0000] "GET /assets/trophy-B8E10EGQ.js HTTP/1.1" 200 325 "-" "Mozilla/5.0 (Windows NT 10.0; Win64; x64) AppleWebKit/537.36 (KHTML, like Gecko) Chrome/145.0.0.0 Safari/537.36" "95.214.210.68"
2026-02-25T16:06:17.801297648Z [inf]  100.64.0.3 - - [25/Feb/2026:16:06:17 +0000] "GET /vite.svg HTTP/1.1" 200 1497 "https://frontend-production-76e67.up.railway.app/top" "Mozilla/5.0 (Windows NT 10.0; Win64; x64) AppleWebKit/537.36 (KHTML, like Gecko) Chrome/145.0.0.0 Safari/537.36" "95.214.210.68"
2026-02-25T16:06:17.944248260Z [inf]  100.64.0.3 - - [25/Feb/2026:16:06:17 +0000] "GET /img/icons/ml.webp HTTP/1.1" 200 4120 "https://frontend-production-76e67.up.railway.app/top" "Mozilla/5.0 (Windows NT 10.0; Win64; x64) AppleWebKit/537.36 (KHTML, like Gecko) Chrome/145.0.0.0 Safari/537.36" "95.214.210.68"
2026-02-25T16:06:17.944258231Z [inf]  100.64.0.3 - - [25/Feb/2026:16:06:17 +0000] "GET /img/icons/cal.webp HTTP/1.1" 200 16006 "https://frontend-production-76e67.up.railway.app/top" "Mozilla/5.0 (Windows NT 10.0; Win64; x64) AppleWebKit/537.36 (KHTML, like Gecko) Chrome/145.0.0.0 Safari/537.36" "95.214.210.68"
2026-02-25T16:06:18.087800342Z [inf]  100.64.0.3 - - [25/Feb/2026:16:06:18 +0000] "GET /img/icons/st.webp HTTP/1.1" 200 14330 "https://frontend-production-76e67.up.railway.app/top" "Mozilla/5.0 (Windows NT 10.0; Win64; x64) AppleWebKit/537.36 (KHTML, like Gecko) Chrome/145.0.0.0 Safari/537.36" "95.214.210.68"
2026-02-25T16:06:18.087805297Z [inf]  100.64.0.3 - - [25/Feb/2026:16:06:18 +0000] "GET /img/icons/roblox.webp HTTP/1.1" 200 1030 "https://frontend-production-76e67.up.railway.app/top" "Mozilla/5.0 (Windows NT 10.0; Win64; x64) AppleWebKit/537.36 (KHTML, like Gecko) Chrome/145.0.0.0 Safari/537.36" "95.214.210.68"
2026-02-25T16:06:18.087809614Z [inf]  100.64.0.3 - - [25/Feb/2026:16:06:18 +0000] "GET /img/icons/cc.webp HTTP/1.1" 200 15024 "https://frontend-production-76e67.up.railway.app/top" "Mozilla/5.0 (Windows NT 10.0; Win64; x64) AppleWebKit/537.36 (KHTML, like Gecko) Chrome/145.0.0.0 Safari/537.36" "95.214.210.68"
2026-02-25T16:06:18.130756790Z [inf]  100.64.0.3 - - [25/Feb/2026:16:06:18 +0000] "GET /img/Steam/st.jpg HTTP/1.1" 200 54314 "https://frontend-production-76e67.up.railway.app/top" "Mozilla/5.0 (Windows NT 10.0; Win64; x64) AppleWebKit/537.36 (KHTML, like Gecko) Chrome/145.0.0.0 Safari/537.36" "95.214.210.68"
2026-02-25T16:06:18.130763743Z [inf]  100.64.0.3 - - [25/Feb/2026:16:06:18 +0000] "GET /img/FireFree/fire.jpg HTTP/1.1" 200 113817 "https://frontend-production-76e67.up.railway.app/top" "Mozilla/5.0 (Windows NT 10.0; Win64; x64) AppleWebKit/537.36 (KHTML, like Gecko) Chrome/145.0.0.0 Safari/537.36" "95.214.210.68"
2026-02-25T16:06:18.195009461Z [inf]  100.64.0.3 - - [25/Feb/2026:16:06:18 +0000] "GET /img/Pubg/pg.jpg HTTP/1.1" 200 207128 "https://frontend-production-76e67.up.railway.app/top" "Mozilla/5.0 (Windows NT 10.0; Win64; x64) AppleWebKit/537.36 (KHTML, like Gecko) Chrome/145.0.0.0 Safari/537.36" "95.214.210.68"
2026-02-25T16:06:20.421711940Z [inf]  100.64.0.2 - - [25/Feb/2026:16:06:20 +0000] "GET /img/Pubg/pg.jpg HTTP/1.1" 304 0 "https://frontend-production-76e67.up.railway.app/products" "Mozilla/5.0 (Windows NT 10.0; Win64; x64) AppleWebKit/537.36 (KHTML, like Gecko) Chrome/145.0.0.0 Safari/537.36" "84.54.71.143"
2026-02-25T16:06:20.421715891Z [inf]  100.64.0.2 - - [25/Feb/2026:16:06:20 +0000] "GET /img/Steam/st.jpg HTTP/1.1" 304 0 "https://frontend-production-76e67.up.railway.app/products" "Mozilla/5.0 (Windows NT 10.0; Win64; x64) AppleWebKit/537.36 (KHTML, like Gecko) Chrome/145.0.0.0 Safari/537.36" "84.54.71.143"
2026-02-25T16:06:20.421719567Z [inf]  100.64.0.2 - - [25/Feb/2026:16:06:20 +0000] "GET /img/icons/roblox.webp HTTP/1.1" 304 0 "https://frontend-production-76e67.up.railway.app/products" "Mozilla/5.0 (Windows NT 10.0; Win64; x64) AppleWebKit/537.36 (KHTML, like Gecko) Chrome/145.0.0.0 Safari/537.36" "84.54.71.143"
2026-02-25T16:06:20.421723300Z [inf]  100.64.0.2 - - [25/Feb/2026:16:06:20 +0000] "GET /img/icons/cc.webp HTTP/1.1" 304 0 "https://frontend-production-76e67.up.railway.app/products" "Mozilla/5.0 (Windows NT 10.0; Win64; x64) AppleWebKit/537.36 (KHTML, like Gecko) Chrome/145.0.0.0 Safari/537.36" "84.54.71.143"
2026-02-25T16:06:20.421727151Z [inf]  100.64.0.2 - - [25/Feb/2026:16:06:20 +0000] "GET /img/FireFree/fire.jpg HTTP/1.1" 304 0 "https://frontend-production-76e67.up.railway.app/products" "Mozilla/5.0 (Windows NT 10.0; Win64; x64) AppleWebKit/537.36 (KHTML, like Gecko) Chrome/145.0.0.0 Safari/537.36" "84.54.71.143"
2026-02-25T16:06:20.421730899Z [inf]  100.64.0.2 - - [25/Feb/2026:16:06:20 +0000] "GET /img/icons/st.webp HTTP/1.1" 304 0 "https://frontend-production-76e67.up.railway.app/products" "Mozilla/5.0 (Windows NT 10.0; Win64; x64) AppleWebKit/537.36 (KHTML, like Gecko) Chrome/145.0.0.0 Safari/537.36" "84.54.71.143"
2026-02-25T16:06:20.421734598Z [inf]  100.64.0.2 - - [25/Feb/2026:16:06:20 +0000] "GET /img/icons/ml.webp HTTP/1.1" 304 0 "https://frontend-production-76e67.up.railway.app/products" "Mozilla/5.0 (Windows NT 10.0; Win64; x64) AppleWebKit/537.36 (KHTML, like Gecko) Chrome/145.0.0.0 Safari/537.36" "84.54.71.143"
2026-02-25T16:06:20.423103497Z [inf]  100.64.0.2 - - [25/Feb/2026:16:06:20 +0000] "GET /img/icons/cal.webp HTTP/1.1" 304 0 "https://frontend-production-76e67.up.railway.app/products" "Mozilla/5.0 (Windows NT 10.0; Win64; x64) AppleWebKit/537.36 (KHTML, like Gecko) Chrome/145.0.0.0 Safari/537.36" "84.54.71.143"
2026-02-25T16:06:21.126002488Z [inf]  100.64.0.3 - - [25/Feb/2026:16:06:21 +0000] "GET /assets/useGames-BBDoaKJt.js HTTP/1.1" 200 424 "-" "Mozilla/5.0 (Windows NT 10.0; Win64; x64) AppleWebKit/537.36 (KHTML, like Gecko) Chrome/145.0.0.0 Safari/537.36" "95.214.210.68"
2026-02-25T16:06:21.126007029Z [inf]  100.64.0.3 - - [25/Feb/2026:16:06:21 +0000] "GET /assets/useListings-D9qSK99j.js HTTP/1.1" 200 784 "-" "Mozilla/5.0 (Windows NT 10.0; Win64; x64) AppleWebKit/537.36 (KHTML, like Gecko) Chrome/145.0.0.0 Safari/537.36" "95.214.210.68"
2026-02-25T16:06:21.126011012Z [inf]  100.64.0.3 - - [25/Feb/2026:16:06:21 +0000] "GET /assets/ProductsPage-81r9BZ0C.js HTTP/1.1" 200 3950 "-" "Mozilla/5.0 (Windows NT 10.0; Win64; x64) AppleWebKit/537.36 (KHTML, like Gecko) Chrome/145.0.0.0 Safari/537.36" "95.214.210.68"
2026-02-25T16:06:21.131950667Z [inf]  100.64.0.3 - - [25/Feb/2026:16:06:21 +0000] "GET /assets/SkeletonLoader-CMquYRbK.js HTTP/1.1" 200 631 "-" "Mozilla/5.0 (Windows NT 10.0; Win64; x64) AppleWebKit/537.36 (KHTML, like Gecko) Chrome/145.0.0.0 Safari/537.36" "95.214.210.68"
2026-02-25T16:06:29.039653468Z [inf]  100.64.0.2 - - [25/Feb/2026:16:06:29 +0000] "GET /img/icons/Pubg-icon.webp HTTP/1.1" 304 0 "https://frontend-production-76e67.up.railway.app/" "Mozilla/5.0 (Windows NT 10.0; Win64; x64) AppleWebKit/537.36 (KHTML, like Gecko) Chrome/145.0.0.0 Safari/537.36" "84.54.71.143"
2026-02-25T16:06:29.039657475Z [inf]  100.64.0.2 - - [25/Feb/2026:16:06:29 +0000] "GET /img/icons/steam.png HTTP/1.1" 304 0 "https://frontend-production-76e67.up.railway.app/" "Mozilla/5.0 (Windows NT 10.0; Win64; x64) AppleWebKit/537.36 (KHTML, like Gecko) Chrome/145.0.0.0 Safari/537.36" "84.54.71.143"
2026-02-25T16:06:29.039662009Z [inf]  100.64.0.2 - - [25/Feb/2026:16:06:29 +0000] "GET /img/icons/free.webp HTTP/1.1" 304 0 "https://frontend-production-76e67.up.railway.app/" "Mozilla/5.0 (Windows NT 10.0; Win64; x64) AppleWebKit/537.36 (KHTML, like Gecko) Chrome/145.0.0.0 Safari/537.36" "84.54.71.143"
2026-02-25T16:06:33.535357181Z [inf]  100.64.0.3 - - [25/Feb/2026:16:06:33 +0000] "GET /assets/SignupPage-Bb_In7Qe.js HTTP/1.1" 200 3055 "-" "Mozilla/5.0 (Windows NT 10.0; Win64; x64) AppleWebKit/537.36 (KHTML, like Gecko) Chrome/145.0.0.0 Safari/537.36" "95.214.210.68"
2026-02-25T16:06:33.547902996Z [inf]  100.64.0.3 - - [25/Feb/2026:16:06:33 +0000] "GET /assets/GoogleLoginButton-SC-shKap.js HTTP/1.1" 200 525 "-" "Mozilla/5.0 (Windows NT 10.0; Win64; x64) AppleWebKit/537.36 (KHTML, like Gecko) Chrome/145.0.0.0 Safari/537.36" "95.214.210.68"
2026-02-25T16:06:33.561188568Z [inf]  100.64.0.3 - - [25/Feb/2026:16:06:33 +0000] "GET /assets/eye-DRteaLrV.js HTTP/1.1" 200 247 "-" "Mozilla/5.0 (Windows NT 10.0; Win64; x64) AppleWebKit/537.36 (KHTML, like Gecko) Chrome/145.0.0.0 Safari/537.36" "95.214.210.68"
2026-02-25T16:06:33.561195944Z [inf]  100.64.0.3 - - [25/Feb/2026:16:06:33 +0000] "GET /assets/eye-off--tMuQKwM.js HTTP/1.1" 200 331 "-" "Mozilla/5.0 (Windows NT 10.0; Win64; x64) AppleWebKit/537.36 (KHTML, like Gecko) Chrome/145.0.0.0 Safari/537.36" "95.214.210.68"
2026-02-25T16:06:33.561201080Z [inf]  100.64.0.3 - - [25/Feb/2026:16:06:33 +0000] "GET /assets/lock-sKSLA-4l.js HTTP/1.1" 200 236 "-" "Mozilla/5.0 (Windows NT 10.0; Win64; x64) AppleWebKit/537.36 (KHTML, like Gecko) Chrome/145.0.0.0 Safari/537.36" "95.214.210.68"
2026-02-25T16:06:53.576480070Z [inf]  100.64.0.3 - - [25/Feb/2026:16:06:47 +0000] "GET /assets/index-BPyyB6AE.css HTTP/1.1" 304 0 "https://frontend-production-76e67.up.railway.app/signup" "Mozilla/5.0 (Windows NT 10.0; Win64; x64) AppleWebKit/537.36 (KHTML, like Gecko) Chrome/145.0.0.0 Safari/537.36" "95.214.210.68"
2026-02-25T16:06:53.576484141Z [inf]  100.64.0.3 - - [25/Feb/2026:16:06:47 +0000] "GET /assets/SkeletonLoader-CMquYRbK.js.map HTTP/1.1" 200 4722 "-" "Mozilla/5.0 (Windows NT 10.0; Win64; x64) AppleWebKit/537.36 (KHTML, like Gecko) Chrome/145.0.0.0 Safari/537.36" "95.214.210.68"
2026-02-25T16:06:53.576487923Z [inf]  100.64.0.3 - - [25/Feb/2026:16:06:47 +0000] "GET /assets/AccountCard-91nYtdrl.js.map HTTP/1.1" 200 13087 "-" "Mozilla/5.0 (Windows NT 10.0; Win64; x64) AppleWebKit/537.36 (KHTML, like Gecko) Chrome/145.0.0.0 Safari/537.36" "95.214.210.68"
2026-02-25T16:06:53.576491748Z [inf]  100.64.0.3 - - [25/Feb/2026:16:06:47 +0000] "GET /assets/trophy-B8E10EGQ.js.map HTTP/1.1" 200 1456 "-" "Mozilla/5.0 (Windows NT 10.0; Win64; x64) AppleWebKit/537.36 (KHTML, like Gecko) Chrome/145.0.0.0 Safari/537.36" "95.214.210.68"
2026-02-25T16:06:53.576495666Z [inf]  100.64.0.3 - - [25/Feb/2026:16:06:47 +0000] "GET /assets/TopAccountsPage-6uVNGQ50.js.map HTTP/1.1" 200 13771 "-" "Mozilla/5.0 (Windows NT 10.0; Win64; x64) AppleWebKit/537.36 (KHTML, like Gecko) Chrome/145.0.0.0 Safari/537.36" "95.214.210.68"
2026-02-25T16:06:53.576499719Z [inf]  100.64.0.3 - - [25/Feb/2026:16:06:47 +0000] "GET /assets/useListings-D9qSK99j.js.map HTTP/1.1" 200 8632 "-" "Mozilla/5.0 (Windows NT 10.0; Win64; x64) AppleWebKit/537.36 (KHTML, like Gecko) Chrome/145.0.0.0 Safari/537.36" "95.214.210.68"
2026-02-25T16:06:53.576503473Z [inf]  100.64.0.3 - - [25/Feb/2026:16:06:47 +0000] "GET /assets/useGames-BBDoaKJt.js.map HTTP/1.1" 200 2762 "-" "Mozilla/5.0 (Windows NT 10.0; Win64; x64) AppleWebKit/537.36 (KHTML, like Gecko) Chrome/145.0.0.0 Safari/537.36" "95.214.210.68"
2026-02-25T16:06:53.576507397Z [inf]  100.64.0.3 - - [25/Feb/2026:16:06:47 +0000] "GET /assets/ProductsPage-81r9BZ0C.js.map HTTP/1.1" 200 35269 "-" "Mozilla/5.0 (Windows NT 10.0; Win64; x64) AppleWebKit/537.36 (KHTML, like Gecko) Chrome/145.0.0.0 Safari/537.36" "95.214.210.68"
2026-02-25T16:06:53.577894321Z [inf]  100.64.0.3 - - [25/Feb/2026:16:06:47 +0000] "GET /assets/GoogleLoginButton-SC-shKap.js.map HTTP/1.1" 200 2597 "-" "Mozilla/5.0 (Windows NT 10.0; Win64; x64) AppleWebKit/537.36 (KHTML, like Gecko) Chrome/145.0.0.0 Safari/537.36" "95.214.210.68"
2026-02-25T16:06:53.577902065Z [inf]  100.64.0.3 - - [25/Feb/2026:16:06:47 +0000] "GET /assets/eye-DRteaLrV.js.map HTTP/1.1" 200 1022 "-" "Mozilla/5.0 (Windows NT 10.0; Win64; x64) AppleWebKit/537.36 (KHTML, like Gecko) Chrome/145.0.0.0 Safari/537.36" "95.214.210.68"
2026-02-25T16:06:53.577907298Z [inf]  100.64.0.3 - - [25/Feb/2026:16:06:47 +0000] "GET /assets/eye-off--tMuQKwM.js.map HTTP/1.1" 200 1349 "-" "Mozilla/5.0 (Windows NT 10.0; Win64; x64) AppleWebKit/537.36 (KHTML, like Gecko) Chrome/145.0.0.0 Safari/537.36" "95.214.210.68"
2026-02-25T16:06:53.577912099Z [inf]  100.64.0.3 - - [25/Feb/2026:16:06:47 +0000] "GET /assets/SignupPage-Bb_In7Qe.js.map HTTP/1.1" 200 25643 "-" "Mozilla/5.0 (Windows NT 10.0; Win64; x64) AppleWebKit/537.36 (KHTML, like Gecko) Chrome/145.0.0.0 Safari/537.36" "95.214.210.68"
2026-02-25T16:06:53.577916815Z [inf]  100.64.0.3 - - [25/Feb/2026:16:06:47 +0000] "GET /assets/lock-sKSLA-4l.js.map HTTP/1.1" 200 983 "-" "Mozilla/5.0 (Windows NT 10.0; Win64; x64) AppleWebKit/537.36 (KHTML, like Gecko) Chrome/145.0.0.0 Safari/537.36" "95.214.210.68"
2026-02-25T16:06:53.577921359Z [inf]  100.64.0.3 - - [25/Feb/2026:16:06:47 +0000] "GET /assets/tanstack-vendor-CCMh5Zlj.js.map HTTP/1.1" 200 183952 "-" "Mozilla/5.0 (Windows NT 10.0; Win64; x64) AppleWebKit/537.36 (KHTML, like Gecko) Chrome/145.0.0.0 Safari/537.36" "95.214.210.68"
2026-02-25T16:06:53.577926059Z [inf]  100.64.0.3 - - [25/Feb/2026:16:06:47 +0000] "GET /assets/react-vendor-CT5mEQkd.js.map HTTP/1.1" 200 435369 "-" "Mozilla/5.0 (Windows NT 10.0; Win64; x64) AppleWebKit/537.36 (KHTML, like Gecko) Chrome/145.0.0.0 Safari/537.36" "95.214.210.68"
2026-02-25T16:06:53.577930902Z [inf]  100.64.0.3 - - [25/Feb/2026:16:06:47 +0000] "GET /assets/index-BRROqpiB.js.map HTTP/1.1" 200 1352968 "-" "Mozilla/5.0 (Windows NT 10.0; Win64; x64) AppleWebKit/537.36 (KHTML, like Gecko) Chrome/145.0.0.0 Safari/537.36" "95.214.210.68"



2026-02-25T16:06:31.052374778Z [err]    File "/usr/local/lib/python3.12/site-packages/rest_framework/views.py", line 365, in check_throttles
2026-02-25T16:06:31.052382824Z [err]      if not throttle.allow_request(request, self):
2026-02-25T16:06:31.052391361Z [err]             ^^^^^^^^^^^^^^^^^^^^^^^^^^^^^^^^^^^^^
2026-02-25T16:06:31.052399191Z [err]    File "/usr/local/lib/python3.12/site-packages/rest_framework/throttling.py", line 123, in allow_request
2026-02-25T16:06:31.052406375Z [err]      self.history = self.cache.get(self.key, [])
2026-02-25T16:06:31.052414128Z [err]                     ^^^^^^^^^^^^^^^^^^^^^^^^^^^^
2026-02-25T16:06:31.052434582Z [err]    File "/usr/local/lib/python3.12/site-packages/django/core/cache/backends/redis.py", line 188, in get
2026-02-25T16:06:31.052442781Z [err]      return self._cache.get(key, default)
2026-02-25T16:06:31.052450531Z [err]             ^^^^^^^^^^^^^^^^^^^^^^^^^^^^^
2026-02-25T16:06:31.052460184Z [err]    File "/usr/local/lib/python3.12/site-packages/django/core/cache/backends/redis.py", line 100, in get
2026-02-25T16:06:31.052463035Z [err]      value = client.get(key)
2026-02-25T16:06:31.052472818Z [err]              ^^^^^^^^^^^^^^^
2026-02-25T16:06:31.052495000Z [err]    File "/usr/local/lib/python3.12/site-packages/redis/commands/core.py", line 1822, in get
2026-02-25T16:06:31.052503869Z [err]      return self.execute_command("GET", name, keys=[name])
2026-02-25T16:06:31.052511888Z [err]             ^^^^^^^^^^^^^^^^^^^^^^^^^^^^^^^^^^^^^^^^^^^^^^
2026-02-25T16:06:31.052520824Z [err]    File "/usr/local/lib/python3.12/site-packages/redis/client.py", line 605, in execute_command
2026-02-25T16:06:31.052528424Z [err]      return self._execute_command(*args, **options)
2026-02-25T16:06:31.053062150Z [err]    File "/usr/local/lib/python3.12/site-packages/rest_framework/views.py", line 422, in initial
2026-02-25T16:06:31.053067902Z [err]      self.check_throttles(request)
2026-02-25T16:06:32.374824602Z [err]             ^^^^^^^^^^^^^^^^^^^^^^^^^^^^^^^^^^^^^^^
2026-02-25T16:06:32.374830847Z [err]    File "/usr/local/lib/python3.12/site-packages/redis/client.py", line 611, in _execute_command
2026-02-25T16:06:32.374838431Z [err]      conn = self.connection or pool.get_connection()
2026-02-25T16:06:32.374844598Z [err]                                ^^^^^^^^^^^^^^^^^^^^^
2026-02-25T16:06:32.374850453Z [err]    File "/usr/local/lib/python3.12/site-packages/redis/utils.py", line 183, in wrapper
2026-02-25T16:06:32.374855818Z [err]      return func(*args, **kwargs)
2026-02-25T16:06:32.374861406Z [err]             ^^^^^^^^^^^^^^^^^^^^^
2026-02-25T16:06:32.374867504Z [err]    File "/usr/local/lib/python3.12/site-packages/redis/connection.py", line 1483, in get_connection
2026-02-25T16:06:32.374873336Z [err]      connection.connect()
2026-02-25T16:06:32.374879149Z [err]    File "/usr/local/lib/python3.12/site-packages/redis/connection.py", line 384, in connect
2026-02-25T16:06:32.374885181Z [err]      raise ConnectionError(self._error_message(e))
2026-02-25T16:06:32.374891019Z [err]  redis.exceptions.ConnectionError: Error 111 connecting to localhost:6379. Connection refused.
2026-02-25T16:06:32.374896825Z [err]  2026-02-25 21:06:29,057 [ERROR] django.request: Internal Server Error: /api/v1/games/
2026-02-25T16:06:32.374903301Z [err]  Traceback (most recent call last):
2026-02-25T16:06:32.374909290Z [err]    File "/usr/local/lib/python3.12/site-packages/redis/connection.py", line 378, in connect
2026-02-25T16:06:32.374915418Z [err]      sock = self.retry.call_with_retry(
2026-02-25T16:06:32.374921143Z [err]             ^^^^^^^^^^^^^^^^^^^^^^^^^^^
2026-02-25T16:06:32.374927231Z [err]    File "/usr/local/lib/python3.12/site-packages/redis/retry.py", line 62, in call_with_retry
2026-02-25T16:06:32.374938196Z [err]      return do()
2026-02-25T16:06:32.374943563Z [err]             ^^^^
2026-02-25T16:06:33.679455258Z [err]                 ^^^^^^^^^^^^^^^^^^^^^
2026-02-25T16:06:33.679463774Z [err]    File "/usr/local/lib/python3.12/site-packages/django/core/handlers/base.py", line 197, in _get_response
2026-02-25T16:06:33.679487595Z [err]      response = wrapped_callback(request, *callback_args, **callback_kwargs)
2026-02-25T16:06:33.679506727Z [err]    File "/usr/local/lib/python3.12/site-packages/redis/connection.py", line 764, in _connect
2026-02-25T16:06:33.679515114Z [err]      raise err
2026-02-25T16:06:33.679522707Z [err]    File "/usr/local/lib/python3.12/site-packages/redis/connection.py", line 752, in _connect
2026-02-25T16:06:33.679530076Z [err]      sock.connect(socket_address)
2026-02-25T16:06:33.679537120Z [err]  ConnectionRefusedError: [Errno 111] Connection refused
2026-02-25T16:06:33.679544361Z [err]  
2026-02-25T16:06:33.679561127Z [err]  During handling of the above exception, another exception occurred:
2026-02-25T16:06:33.679569203Z [err]  
2026-02-25T16:06:33.679576282Z [err]  Traceback (most recent call last):
2026-02-25T16:06:33.679581125Z [err]    File "/usr/local/lib/python3.12/site-packages/redis/connection.py", line 379, in <lambda>
2026-02-25T16:06:33.679585498Z [err]    File "/usr/local/lib/python3.12/site-packages/django/core/handlers/exception.py", line 55, in inner
2026-02-25T16:06:33.679590176Z [err]      lambda: self._connect(), lambda error: self.disconnect(error)
2026-02-25T16:06:33.679597181Z [err]      response = get_response(request)
2026-02-25T16:06:33.679600086Z [err]              ^^^^^^^^^^^^^^^
2026-02-25T16:06:33.679619831Z [err]                 ^^^^^^^^^^^^^^^^^^^^^^^^^^^^^^^^^^^^^^^^^^^^^^^^^^^^^^^^^^^^
2026-02-25T16:06:33.679627863Z [err]    File "/usr/local/lib/python3.12/site-packages/django/views/decorators/csrf.py", line 65, in _view_wrapper
2026-02-25T16:06:33.679636787Z [err]      return view_func(request, *args, **kwargs)
2026-02-25T16:06:33.679681538Z [err]             ^^^^^^^^^^^^^^^^^^^^^^^^^^^^^^^^^^^
2026-02-25T16:06:35.363944196Z [err]      self.raise_uncaught_exception(exc)
2026-02-25T16:06:35.363951773Z [err]    File "/usr/local/lib/python3.12/site-packages/rest_framework/throttling.py", line 123, in allow_request
2026-02-25T16:06:35.363958088Z [err]    File "/usr/local/lib/python3.12/site-packages/rest_framework/views.py", line 486, in raise_uncaught_exception
2026-02-25T16:06:35.363961532Z [err]      self.history = self.cache.get(self.key, [])
2026-02-25T16:06:35.363967957Z [err]      raise exc
2026-02-25T16:06:35.363976028Z [err]    File "/usr/local/lib/python3.12/site-packages/rest_framework/views.py", line 503, in dispatch
2026-02-25T16:06:35.363984230Z [err]      self.initial(request, *args, **kwargs)
2026-02-25T16:06:35.363988248Z [err]    File "/usr/local/lib/python3.12/site-packages/rest_framework/views.py", line 422, in initial
2026-02-25T16:06:35.363997724Z [err]      self.check_throttles(request)
2026-02-25T16:06:35.364005296Z [err]    File "/usr/local/lib/python3.12/site-packages/rest_framework/views.py", line 365, in check_throttles
2026-02-25T16:06:35.364014419Z [err]    File "/usr/local/lib/python3.12/site-packages/django/views/generic/base.py", line 105, in view
2026-02-25T16:06:35.364015557Z [err]      if not throttle.allow_request(request, self):
2026-02-25T16:06:35.364024302Z [err]      return self.dispatch(request, *args, **kwargs)
2026-02-25T16:06:35.364025349Z [err]             ^^^^^^^^^^^^^^^^^^^^^^^^^^^^^^^^^^^^^
2026-02-25T16:06:35.364034811Z [err]             ^^^^^^^^^^^^^^^^^^^^^^^^^^^^^^^^^^^^^^^
2026-02-25T16:06:35.364041811Z [err]    File "/usr/local/lib/python3.12/site-packages/rest_framework/views.py", line 515, in dispatch
2026-02-25T16:06:35.364049021Z [err]      response = self.handle_exception(exc)
2026-02-25T16:06:35.364055262Z [err]                 ^^^^^^^^^^^^^^^^^^^^^^^^^^
2026-02-25T16:06:35.364061701Z [err]    File "/usr/local/lib/python3.12/site-packages/rest_framework/views.py", line 475, in handle_exception
2026-02-25T16:06:36.555700311Z [err]    File "/usr/local/lib/python3.12/site-packages/django/core/cache/backends/redis.py", line 100, in get
2026-02-25T16:06:36.555711808Z [err]      value = client.get(key)
2026-02-25T16:06:36.555720144Z [err]             ^^^^^^^^^^^^^^^^^^^^^^^^^^^^^^^^^^^^^^^^^^^^^^
2026-02-25T16:06:36.555732115Z [err]                     ^^^^^^^^^^^^^^^^^^^^^^^^^^^^
2026-02-25T16:06:36.555740817Z [err]    File "/usr/local/lib/python3.12/site-packages/redis/client.py", line 605, in execute_command
2026-02-25T16:06:36.555744578Z [err]    File "/usr/local/lib/python3.12/site-packages/redis/utils.py", line 183, in wrapper
2026-02-25T16:06:36.555759472Z [err]      return func(*args, **kwargs)
2026-02-25T16:06:36.555765959Z [err]              ^^^^^^^^^^^^^^^
2026-02-25T16:06:36.555766830Z [err]    File "/usr/local/lib/python3.12/site-packages/django/core/cache/backends/redis.py", line 188, in get
2026-02-25T16:06:36.555784241Z [err]      return self._execute_command(*args, **options)
2026-02-25T16:06:36.555784679Z [err]    File "/usr/local/lib/python3.12/site-packages/redis/commands/core.py", line 1822, in get
2026-02-25T16:06:36.555787184Z [err]      return self._cache.get(key, default)
2026-02-25T16:06:36.555795580Z [err]             ^^^^^^^^^^^^^^^^^^^^^^^^^^^^^^^^^^^^^^^
2026-02-25T16:06:36.555797614Z [err]      return self.execute_command("GET", name, keys=[name])
2026-02-25T16:06:36.555799285Z [err]             ^^^^^^^^^^^^^^^^^^^^^^^^^^^^^
2026-02-25T16:06:36.555803152Z [err]             ^^^^^^^^^^^^^^^^^^^^^
2026-02-25T16:06:36.555805863Z [err]    File "/usr/local/lib/python3.12/site-packages/redis/client.py", line 611, in _execute_command
2026-02-25T16:06:36.555812545Z [err]    File "/usr/local/lib/python3.12/site-packages/redis/connection.py", line 1483, in get_connection
2026-02-25T16:06:36.555815141Z [err]      conn = self.connection or pool.get_connection()
2026-02-25T16:06:36.555822971Z [err]                                ^^^^^^^^^^^^^^^^^^^^^
2026-02-25T16:06:37.791945476Z [err]      connection.connect()
2026-02-25T16:06:37.791949958Z [err]    File "/usr/local/lib/python3.12/site-packages/redis/connection.py", line 384, in connect
2026-02-25T16:06:37.791954282Z [err]      raise ConnectionError(self._error_message(e))
2026-02-25T16:06:37.791958508Z [err]  redis.exceptions.ConnectionError: Error 111 connecting to localhost:6379. Connection refused.
2026-02-25T16:06:37.791963084Z [err]  2026-02-25 21:06:29,058 [ERROR] apps: Unhandled exception
2026-02-25T16:06:37.791967354Z [err]  Traceback (most recent call last):
2026-02-25T16:06:37.791971754Z [err]    File "/usr/local/lib/python3.12/site-packages/redis/connection.py", line 378, in connect
2026-02-25T16:06:37.791976026Z [err]      sock = self.retry.call_with_retry(
2026-02-25T16:06:37.791980328Z [err]             ^^^^^^^^^^^^^^^^^^^^^^^^^^^
2026-02-25T16:06:37.791984373Z [err]    File "/usr/local/lib/python3.12/site-packages/redis/retry.py", line 62, in call_with_retry
2026-02-25T16:06:37.791988607Z [err]      return do()
2026-02-25T16:06:37.791993001Z [err]             ^^^^
2026-02-25T16:06:37.791997752Z [err]    File "/usr/local/lib/python3.12/site-packages/redis/connection.py", line 379, in <lambda>
2026-02-25T16:06:37.792002375Z [err]      lambda: self._connect(), lambda error: self.disconnect(error)
2026-02-25T16:06:37.792006523Z [err]              ^^^^^^^^^^^^^^^
2026-02-25T16:06:37.792010574Z [err]    File "/usr/local/lib/python3.12/site-packages/redis/connection.py", line 764, in _connect
2026-02-25T16:06:37.792014877Z [err]      raise err
2026-02-25T16:06:37.792019493Z [err]    File "/usr/local/lib/python3.12/site-packages/redis/connection.py", line 752, in _connect
2026-02-25T16:06:37.792023667Z [err]      sock.connect(socket_address)
2026-02-25T16:06:37.792027974Z [err]  ConnectionRefusedError: [Errno 111] Connection refused
2026-02-25T16:06:37.792032433Z [err]  
2026-02-25T16:06:37.792037439Z [err]  During handling of the above exception, another exception occurred:
2026-02-25T16:06:38.910501465Z [err]    File "/usr/local/lib/python3.12/site-packages/rest_framework/views.py", line 422, in initial
2026-02-25T16:06:38.910509866Z [err]      self.check_throttles(request)
2026-02-25T16:06:38.910515606Z [err]    File "/usr/local/lib/python3.12/site-packages/rest_framework/views.py", line 365, in check_throttles
2026-02-25T16:06:38.910536861Z [err]      if not throttle.allow_request(request, self):
2026-02-25T16:06:38.910545253Z [err]             ^^^^^^^^^^^^^^^^^^^^^^^^^^^^^^^^^^^^^
2026-02-25T16:06:38.910557590Z [err]    File "/usr/local/lib/python3.12/site-packages/rest_framework/throttling.py", line 123, in allow_request
2026-02-25T16:06:38.910565607Z [err]      self.history = self.cache.get(self.key, [])
2026-02-25T16:06:38.910578640Z [err]                     ^^^^^^^^^^^^^^^^^^^^^^^^^^^^
2026-02-25T16:06:38.910585276Z [err]    File "/usr/local/lib/python3.12/site-packages/django/core/cache/backends/redis.py", line 188, in get
2026-02-25T16:06:38.910592701Z [err]      return self._cache.get(key, default)
2026-02-25T16:06:38.910604216Z [err]             ^^^^^^^^^^^^^^^^^^^^^^^^^^^^^
2026-02-25T16:06:38.910611427Z [err]    File "/usr/local/lib/python3.12/site-packages/django/core/cache/backends/redis.py", line 100, in get
2026-02-25T16:06:38.910618194Z [err]      value = client.get(key)
2026-02-25T16:06:38.910624077Z [err]              ^^^^^^^^^^^^^^^
2026-02-25T16:06:38.910630444Z [err]    File "/usr/local/lib/python3.12/site-packages/redis/commands/core.py", line 1822, in get
2026-02-25T16:06:38.910641825Z [err]      return self.execute_command("GET", name, keys=[name])
2026-02-25T16:06:38.910747095Z [err]  Traceback (most recent call last):
2026-02-25T16:06:38.910755718Z [err]    File "/usr/local/lib/python3.12/site-packages/rest_framework/views.py", line 503, in dispatch
2026-02-25T16:06:38.910759432Z [err]  
2026-02-25T16:06:38.910766316Z [err]      self.initial(request, *args, **kwargs)
2026-02-25T16:06:39.637580363Z [err]             ^^^^^^^^^^^^^^^^^^^^^^^^^^^^^^^^^^^^^^^^^^^^^^
2026-02-25T16:06:39.637584888Z [err]    File "/usr/local/lib/python3.12/site-packages/redis/client.py", line 605, in execute_command
2026-02-25T16:06:39.637589976Z [err]      return self._execute_command(*args, **options)
2026-02-25T16:06:39.637594332Z [err]             ^^^^^^^^^^^^^^^^^^^^^^^^^^^^^^^^^^^^^^^
2026-02-25T16:06:39.637598868Z [err]    File "/usr/local/lib/python3.12/site-packages/redis/client.py", line 611, in _execute_command
2026-02-25T16:06:39.637604161Z [err]      conn = self.connection or pool.get_connection()
2026-02-25T16:06:39.637609639Z [err]                                ^^^^^^^^^^^^^^^^^^^^^
2026-02-25T16:06:39.637614280Z [err]    File "/usr/local/lib/python3.12/site-packages/redis/utils.py", line 183, in wrapper
2026-02-25T16:06:39.637619220Z [err]      return func(*args, **kwargs)
2026-02-25T16:06:39.637623784Z [err]             ^^^^^^^^^^^^^^^^^^^^^
2026-02-25T16:06:39.637628387Z [err]    File "/usr/local/lib/python3.12/site-packages/redis/connection.py", line 1483, in get_connection
2026-02-25T16:06:39.637632968Z [err]      connection.connect()
2026-02-25T16:06:39.637637402Z [err]    File "/usr/local/lib/python3.12/site-packages/redis/connection.py", line 384, in connect
2026-02-25T16:06:39.637641458Z [err]      raise ConnectionError(self._error_message(e))
2026-02-25T16:06:39.637645611Z [err]  redis.exceptions.ConnectionError: Error 111 connecting to localhost:6379. Connection refused.
2026-02-25T16:06:39.637649727Z [err]  2026-02-25 21:06:29,060 [INFO] apps: GET /api/v1/games/ 500 0.008s
2026-02-25T16:06:39.637654709Z [inf]  100.64.0.2 - - [25/Feb/2026:21:06:29 +0500] "GET /api/v1/games/ HTTP/1.1" 500 145 "https://frontend-production-76e67.up.railway.app/" "Mozilla/5.0 (Windows NT 10.0; Win64; x64) AppleWebKit/537.36 (KHTML, like Gecko) Chrome/145.0.0.0 Safari/537.36"
2026-02-25T16:06:39.637659220Z [err]  2026-02-25 21:06:29,061 [ERROR] django.request: Internal Server Error: /api/v1/listings/
2026-02-25T16:06:39.641161258Z [err]  Traceback (most recent call last):
2026-02-25T16:06:39.641165676Z [err]    File "/usr/local/lib/python3.12/site-packages/redis/connection.py", line 378, in connect
2026-02-25T16:06:39.641169483Z [err]      sock = self.retry.call_with_retry(
2026-02-25T16:06:39.641173456Z [err]             ^^^^^^^^^^^^^^^^^^^^^^^^^^^
2026-02-25T16:06:39.641177316Z [err]    File "/usr/local/lib/python3.12/site-packages/redis/retry.py", line 62, in call_with_retry
2026-02-25T16:06:39.641181185Z [err]      return do()
2026-02-25T16:06:39.641185011Z [err]             ^^^^
2026-02-25T16:06:39.641188789Z [err]    File "/usr/local/lib/python3.12/site-packages/redis/connection.py", line 379, in <lambda>
2026-02-25T16:06:39.641194049Z [err]      lambda: self._connect(), lambda error: self.disconnect(error)
2026-02-25T16:06:39.641199699Z [err]              ^^^^^^^^^^^^^^^
2026-02-25T16:06:39.641230270Z [err]    File "/usr/local/lib/python3.12/site-packages/redis/connection.py", line 764, in _connect
2026-02-25T16:06:39.641235690Z [err]      raise err
2026-02-25T16:06:39.641241147Z [err]    File "/usr/local/lib/python3.12/site-packages/redis/connection.py", line 752, in _connect
2026-02-25T16:06:39.641246859Z [err]      sock.connect(socket_address)
2026-02-25T16:06:39.641252201Z [err]  ConnectionRefusedError: [Errno 111] Connection refused
2026-02-25T16:06:39.641258163Z [err]  
2026-02-25T16:06:39.641264103Z [err]  During handling of the above exception, another exception occurred:
2026-02-25T16:06:39.641271173Z [err]  
2026-02-25T16:06:39.641276769Z [err]  Traceback (most recent call last):
2026-02-25T16:06:39.641282002Z [err]    File "/usr/local/lib/python3.12/site-packages/django/core/handlers/exception.py", line 55, in inner
2026-02-25T16:06:39.641286135Z [err]      response = get_response(request)
2026-02-25T16:06:39.641290234Z [err]                 ^^^^^^^^^^^^^^^^^^^^^
2026-02-25T16:06:39.648772546Z [err]    File "/usr/local/lib/python3.12/site-packages/django/core/handlers/base.py", line 197, in _get_response
2026-02-25T16:06:39.648776752Z [err]      response = wrapped_callback(request, *callback_args, **callback_kwargs)
2026-02-25T16:06:39.648781394Z [err]                 ^^^^^^^^^^^^^^^^^^^^^^^^^^^^^^^^^^^^^^^^^^^^^^^^^^^^^^^^^^^^
2026-02-25T16:06:39.648786401Z [err]    File "/usr/local/lib/python3.12/site-packages/django/views/decorators/csrf.py", line 65, in _view_wrapper
2026-02-25T16:06:39.648795058Z [err]      return view_func(request, *args, **kwargs)
2026-02-25T16:06:39.648801567Z [err]             ^^^^^^^^^^^^^^^^^^^^^^^^^^^^^^^^^^^
2026-02-25T16:06:39.648807358Z [err]    File "/usr/local/lib/python3.12/site-packages/django/views/generic/base.py", line 105, in view
2026-02-25T16:06:39.648812691Z [err]      return self.dispatch(request, *args, **kwargs)
2026-02-25T16:06:39.648927015Z [err]             ^^^^^^^^^^^^^^^^^^^^^^^^^^^^^^^^^^^^^^^
2026-02-25T16:06:39.648936055Z [err]    File "/usr/local/lib/python3.12/site-packages/rest_framework/views.py", line 515, in dispatch
2026-02-25T16:06:39.648943022Z [err]      response = self.handle_exception(exc)
2026-02-25T16:06:39.648951808Z [err]                 ^^^^^^^^^^^^^^^^^^^^^^^^^^
2026-02-25T16:06:39.648958592Z [err]    File "/usr/local/lib/python3.12/site-packages/rest_framework/views.py", line 475, in handle_exception
2026-02-25T16:06:39.648968689Z [err]      self.raise_uncaught_exception(exc)
2026-02-25T16:06:39.648968884Z [err]    File "/usr/local/lib/python3.12/site-packages/rest_framework/views.py", line 486, in raise_uncaught_exception
2026-02-25T16:06:39.648978677Z [err]      raise exc
2026-02-25T16:06:39.648983101Z [err]    File "/usr/local/lib/python3.12/site-packages/rest_framework/views.py", line 422, in initial
2026-02-25T16:06:39.648990842Z [err]    File "/usr/local/lib/python3.12/site-packages/rest_framework/views.py", line 503, in dispatch
2026-02-25T16:06:39.648997513Z [err]      self.initial(request, *args, **kwargs)
2026-02-25T16:06:39.654024520Z [err]      self.check_throttles(request)
2026-02-25T16:06:39.654031635Z [err]    File "/usr/local/lib/python3.12/site-packages/rest_framework/views.py", line 365, in check_throttles
2026-02-25T16:06:39.654036439Z [err]      if not throttle.allow_request(request, self):
2026-02-25T16:06:39.654045299Z [err]             ^^^^^^^^^^^^^^^^^^^^^^^^^^^^^^^^^^^^^
2026-02-25T16:06:39.654049716Z [err]    File "/usr/local/lib/python3.12/site-packages/rest_framework/throttling.py", line 123, in allow_request
2026-02-25T16:06:39.654057922Z [err]      self.history = self.cache.get(self.key, [])
2026-02-25T16:06:39.654063900Z [err]                     ^^^^^^^^^^^^^^^^^^^^^^^^^^^^
2026-02-25T16:06:39.654069616Z [err]    File "/usr/local/lib/python3.12/site-packages/django/core/cache/backends/redis.py", line 188, in get
2026-02-25T16:06:39.654154203Z [err]      return self._cache.get(key, default)
2026-02-25T16:06:39.654162567Z [err]             ^^^^^^^^^^^^^^^^^^^^^^^^^^^^^
2026-02-25T16:06:39.654170562Z [err]    File "/usr/local/lib/python3.12/site-packages/django/core/cache/backends/redis.py", line 100, in get
2026-02-25T16:06:39.654177226Z [err]      value = client.get(key)
2026-02-25T16:06:39.654183300Z [err]              ^^^^^^^^^^^^^^^
2026-02-25T16:06:39.654191330Z [err]    File "/usr/local/lib/python3.12/site-packages/redis/commands/core.py", line 1822, in get
2026-02-25T16:06:39.654197147Z [err]      return self.execute_command("GET", name, keys=[name])
2026-02-25T16:06:39.654203307Z [err]             ^^^^^^^^^^^^^^^^^^^^^^^^^^^^^^^^^^^^^^^^^^^^^^
2026-02-25T16:06:39.654209770Z [err]    File "/usr/local/lib/python3.12/site-packages/redis/client.py", line 605, in execute_command
2026-02-25T16:06:39.654216355Z [err]      return self._execute_command(*args, **options)
2026-02-25T16:06:39.654223103Z [err]             ^^^^^^^^^^^^^^^^^^^^^^^^^^^^^^^^^^^^^^^
2026-02-25T16:06:39.654229083Z [err]    File "/usr/local/lib/python3.12/site-packages/redis/client.py", line 611, in _execute_command
2026-02-25T16:06:39.659237524Z [err]      conn = self.connection or pool.get_connection()
2026-02-25T16:06:39.659244329Z [err]                                ^^^^^^^^^^^^^^^^^^^^^
2026-02-25T16:06:39.659249765Z [err]    File "/usr/local/lib/python3.12/site-packages/redis/utils.py", line 183, in wrapper
2026-02-25T16:06:39.659255734Z [err]      return func(*args, **kwargs)
2026-02-25T16:06:39.659262207Z [err]             ^^^^^^^^^^^^^^^^^^^^^
2026-02-25T16:06:39.659269270Z [err]    File "/usr/local/lib/python3.12/site-packages/redis/connection.py", line 1483, in get_connection
2026-02-25T16:06:39.659275918Z [err]      connection.connect()
2026-02-25T16:06:39.659282011Z [err]    File "/usr/local/lib/python3.12/site-packages/redis/connection.py", line 384, in connect
2026-02-25T16:06:39.659286869Z [err]      raise ConnectionError(self._error_message(e))
2026-02-25T16:06:39.659292825Z [err]  redis.exceptions.ConnectionError: Error 111 connecting to localhost:6379. Connection refused.
2026-02-25T16:06:39.659298404Z [err]  2026-02-25 21:06:29,065 [INFO] apps: GET /api/v1/listings/?page=1&limit=8 500 0.011s
2026-02-25T16:06:39.659303462Z [inf]  100.64.0.2 - - [25/Feb/2026:21:06:29 +0500] "GET /api/v1/listings/?page=1&limit=8 HTTP/1.1" 500 145 "https://frontend-production-76e67.up.railway.app/" "Mozilla/5.0 (Windows NT 10.0; Win64; x64) AppleWebKit/537.36 (KHTML, like Gecko) Chrome/145.0.0.0 Safari/537.36"
2026-02-25T16:06:39.659308110Z [err]  2026-02-25 21:06:29,975 [ERROR] apps: Unhandled exception
2026-02-25T16:06:39.659312537Z [err]  Traceback (most recent call last):
2026-02-25T16:06:39.659316466Z [err]    File "/usr/local/lib/python3.12/site-packages/redis/connection.py", line 378, in connect
2026-02-25T16:06:39.659324939Z [err]      sock = self.retry.call_with_retry(
2026-02-25T16:06:39.659331201Z [err]             ^^^^^^^^^^^^^^^^^^^^^^^^^^^
2026-02-25T16:06:39.659337819Z [err]    File "/usr/local/lib/python3.12/site-packages/redis/retry.py", line 62, in call_with_retry
2026-02-25T16:06:39.663811464Z [err]      return do()
2026-02-25T16:06:39.663817094Z [err]             ^^^^
2026-02-25T16:06:39.663823301Z [err]    File "/usr/local/lib/python3.12/site-packages/redis/connection.py", line 379, in <lambda>
2026-02-25T16:06:39.663828930Z [err]      lambda: self._connect(), lambda error: self.disconnect(error)
2026-02-25T16:06:39.663836710Z [err]              ^^^^^^^^^^^^^^^
2026-02-25T16:06:39.663842470Z [err]    File "/usr/local/lib/python3.12/site-packages/redis/connection.py", line 764, in _connect
2026-02-25T16:06:39.663847978Z [err]      raise err
2026-02-25T16:06:39.663854009Z [err]    File "/usr/local/lib/python3.12/site-packages/redis/connection.py", line 752, in _connect
2026-02-25T16:06:39.663859705Z [err]      sock.connect(socket_address)
2026-02-25T16:06:39.663868601Z [err]  ConnectionRefusedError: [Errno 111] Connection refused
2026-02-25T16:06:39.663874707Z [err]  
2026-02-25T16:06:39.663880119Z [err]  During handling of the above exception, another exception occurred:
2026-02-25T16:06:39.663885804Z [err]  
2026-02-25T16:06:39.663891529Z [err]  Traceback (most recent call last):
2026-02-25T16:06:39.663898639Z [err]    File "/usr/local/lib/python3.12/site-packages/rest_framework/views.py", line 503, in dispatch
2026-02-25T16:06:39.663904359Z [err]      self.initial(request, *args, **kwargs)
2026-02-25T16:06:39.663909581Z [err]    File "/usr/local/lib/python3.12/site-packages/rest_framework/views.py", line 422, in initial
2026-02-25T16:06:39.663915270Z [err]      self.check_throttles(request)
2026-02-25T16:06:39.663920596Z [err]    File "/usr/local/lib/python3.12/site-packages/rest_framework/views.py", line 365, in check_throttles
2026-02-25T16:06:39.663927287Z [err]      if not throttle.allow_request(request, self):
2026-02-25T16:06:39.663932637Z [err]             ^^^^^^^^^^^^^^^^^^^^^^^^^^^^^^^^^^^^^
2026-02-25T16:06:39.663938359Z [err]    File "/usr/local/lib/python3.12/site-packages/rest_framework/throttling.py", line 123, in allow_request
2026-02-25T16:06:39.669371540Z [err]    File "/usr/local/lib/python3.12/site-packages/django/core/cache/backends/redis.py", line 100, in get
2026-02-25T16:06:39.669380544Z [err]      value = client.get(key)
2026-02-25T16:06:39.669387352Z [err]              ^^^^^^^^^^^^^^^
2026-02-25T16:06:39.669393420Z [err]    File "/usr/local/lib/python3.12/site-packages/redis/commands/core.py", line 1822, in get
2026-02-25T16:06:39.669399834Z [err]      return self.execute_command("GET", name, keys=[name])
2026-02-25T16:06:39.669406841Z [err]             ^^^^^^^^^^^^^^^^^^^^^^^^^^^^^^^^^^^^^^^^^^^^^^
2026-02-25T16:06:39.669413314Z [err]    File "/usr/local/lib/python3.12/site-packages/redis/client.py", line 605, in execute_command
2026-02-25T16:06:39.669469345Z [err]      self.history = self.cache.get(self.key, [])
2026-02-25T16:06:39.669478743Z [err]    File "/usr/local/lib/python3.12/site-packages/django/core/cache/backends/redis.py", line 188, in get
2026-02-25T16:06:39.669480887Z [err]                     ^^^^^^^^^^^^^^^^^^^^^^^^^^^^
2026-02-25T16:06:39.669485005Z [err]             ^^^^^^^^^^^^^^^^^^^^^^^^^^^^^
2026-02-25T16:06:39.669489209Z [err]      return self._cache.get(key, default)
2026-02-25T16:06:39.669810873Z [err]      return self._execute_command(*args, **options)
2026-02-25T16:06:39.669822278Z [err]             ^^^^^^^^^^^^^^^^^^^^^^^^^^^^^^^^^^^^^^^
2026-02-25T16:06:39.669833283Z [err]    File "/usr/local/lib/python3.12/site-packages/redis/client.py", line 611, in _execute_command
2026-02-25T16:06:39.669849158Z [err]      conn = self.connection or pool.get_connection()
2026-02-25T16:06:39.669854419Z [err]                                ^^^^^^^^^^^^^^^^^^^^^
2026-02-25T16:06:39.669862769Z [err]    File "/usr/local/lib/python3.12/site-packages/redis/utils.py", line 183, in wrapper
2026-02-25T16:06:39.669869870Z [err]      return func(*args, **kwargs)
2026-02-25T16:06:39.669876918Z [err]             ^^^^^^^^^^^^^^^^^^^^^
2026-02-25T16:06:39.678131066Z [err]  2026-02-25 21:06:29,978 [ERROR] django.request: Internal Server Error: /api/v1/games/
2026-02-25T16:06:39.678153643Z [err]              ^^^^^^^^^^^^^^^
2026-02-25T16:06:39.678161361Z [err]    File "/usr/local/lib/python3.12/site-packages/redis/connection.py", line 764, in _connect
2026-02-25T16:06:39.678168612Z [err]      raise err
2026-02-25T16:06:39.678175300Z [err]    File "/usr/local/lib/python3.12/site-packages/redis/connection.py", line 752, in _connect
2026-02-25T16:06:39.678211487Z [err]    File "/usr/local/lib/python3.12/site-packages/redis/retry.py", line 62, in call_with_retry
2026-02-25T16:06:39.678232991Z [err]  Traceback (most recent call last):
2026-02-25T16:06:39.678238107Z [err]      sock.connect(socket_address)
2026-02-25T16:06:39.678247136Z [err]    File "/usr/local/lib/python3.12/site-packages/redis/connection.py", line 378, in connect
2026-02-25T16:06:39.678255540Z [err]      sock = self.retry.call_with_retry(
2026-02-25T16:06:39.678263869Z [err]             ^^^^^^^^^^^^^^^^^^^^^^^^^^^
2026-02-25T16:06:39.678356265Z [err]      return do()
2026-02-25T16:06:39.678368539Z [err]             ^^^^
2026-02-25T16:06:39.678376362Z [err]    File "/usr/local/lib/python3.12/site-packages/redis/connection.py", line 379, in <lambda>
2026-02-25T16:06:39.678383887Z [err]      lambda: self._connect(), lambda error: self.disconnect(error)
2026-02-25T16:06:39.678621433Z [err]    File "/usr/local/lib/python3.12/site-packages/redis/connection.py", line 1483, in get_connection
2026-02-25T16:06:39.678627091Z [err]      connection.connect()
2026-02-25T16:06:39.678632985Z [err]    File "/usr/local/lib/python3.12/site-packages/redis/connection.py", line 384, in connect
2026-02-25T16:06:39.678639348Z [err]      raise ConnectionError(self._error_message(e))
2026-02-25T16:06:39.678645529Z [err]  redis.exceptions.ConnectionError: Error 111 connecting to localhost:6379. Connection refused.
2026-02-25T16:06:39.681890923Z [err]  ConnectionRefusedError: [Errno 111] Connection refused
2026-02-25T16:06:39.681896573Z [err]  
2026-02-25T16:06:39.681902471Z [err]  During handling of the above exception, another exception occurred:
2026-02-25T16:06:39.681908971Z [err]  
2026-02-25T16:06:39.681915386Z [err]  Traceback (most recent call last):
2026-02-25T16:06:39.681921476Z [err]    File "/usr/local/lib/python3.12/site-packages/django/core/handlers/exception.py", line 55, in inner
2026-02-25T16:06:39.681927347Z [err]      response = get_response(request)
2026-02-25T16:06:39.682095652Z [err]                 ^^^^^^^^^^^^^^^^^^^^^
2026-02-25T16:06:39.682118040Z [err]    File "/usr/local/lib/python3.12/site-packages/django/core/handlers/base.py", line 197, in _get_response
2026-02-25T16:06:39.682124820Z [err]      response = wrapped_callback(request, *callback_args, **callback_kwargs)
2026-02-25T16:06:39.682131255Z [err]                 ^^^^^^^^^^^^^^^^^^^^^^^^^^^^^^^^^^^^^^^^^^^^^^^^^^^^^^^^^^^^
2026-02-25T16:06:39.682137590Z [err]    File "/usr/local/lib/python3.12/site-packages/django/views/decorators/csrf.py", line 65, in _view_wrapper
2026-02-25T16:06:39.682146045Z [err]      return view_func(request, *args, **kwargs)
2026-02-25T16:06:39.682152711Z [err]             ^^^^^^^^^^^^^^^^^^^^^^^^^^^^^^^^^^^
2026-02-25T16:06:39.682158710Z [err]    File "/usr/local/lib/python3.12/site-packages/django/views/generic/base.py", line 105, in view
2026-02-25T16:06:39.682168233Z [err]      return self.dispatch(request, *args, **kwargs)
2026-02-25T16:06:39.682175089Z [err]             ^^^^^^^^^^^^^^^^^^^^^^^^^^^^^^^^^^^^^^^
2026-02-25T16:06:39.682181883Z [err]    File "/usr/local/lib/python3.12/site-packages/rest_framework/views.py", line 515, in dispatch
2026-02-25T16:06:39.682188658Z [err]      response = self.handle_exception(exc)
2026-02-25T16:06:39.682195769Z [err]                 ^^^^^^^^^^^^^^^^^^^^^^^^^^
2026-02-25T16:06:39.685144198Z [err]    File "/usr/local/lib/python3.12/site-packages/rest_framework/views.py", line 475, in handle_exception
2026-02-25T16:06:39.685148754Z [err]      self.raise_uncaught_exception(exc)
2026-02-25T16:06:39.685153449Z [err]    File "/usr/local/lib/python3.12/site-packages/rest_framework/views.py", line 486, in raise_uncaught_exception
2026-02-25T16:06:39.685157860Z [err]      raise exc
2026-02-25T16:06:39.685161780Z [err]    File "/usr/local/lib/python3.12/site-packages/rest_framework/views.py", line 503, in dispatch
2026-02-25T16:06:39.685165529Z [err]      self.initial(request, *args, **kwargs)
2026-02-25T16:06:39.685417510Z [err]    File "/usr/local/lib/python3.12/site-packages/rest_framework/views.py", line 422, in initial
2026-02-25T16:06:39.685424874Z [err]      self.check_throttles(request)
2026-02-25T16:06:39.685430769Z [err]    File "/usr/local/lib/python3.12/site-packages/rest_framework/views.py", line 365, in check_throttles
2026-02-25T16:06:39.685438784Z [err]      if not throttle.allow_request(request, self):
2026-02-25T16:06:39.685444921Z [err]             ^^^^^^^^^^^^^^^^^^^^^^^^^^^^^^^^^^^^^
2026-02-25T16:06:39.685450582Z [err]    File "/usr/local/lib/python3.12/site-packages/rest_framework/throttling.py", line 123, in allow_request
2026-02-25T16:06:39.685455889Z [err]      self.history = self.cache.get(self.key, [])
2026-02-25T16:06:39.685461911Z [err]                     ^^^^^^^^^^^^^^^^^^^^^^^^^^^^
2026-02-25T16:06:39.685467237Z [err]    File "/usr/local/lib/python3.12/site-packages/django/core/cache/backends/redis.py", line 188, in get
2026-02-25T16:06:39.685477009Z [err]      return self._cache.get(key, default)
2026-02-25T16:06:39.685483362Z [err]             ^^^^^^^^^^^^^^^^^^^^^^^^^^^^^
2026-02-25T16:06:39.685489084Z [err]    File "/usr/local/lib/python3.12/site-packages/django/core/cache/backends/redis.py", line 100, in get
2026-02-25T16:06:39.685496202Z [err]      value = client.get(key)
2026-02-25T16:06:39.687596065Z [err]      return func(*args, **kwargs)
2026-02-25T16:06:39.687608429Z [err]             ^^^^^^^^^^^^^^^^^^^^^^^^^^^^^^^^^^^^^^^^^^^^^^
2026-02-25T16:06:39.687608744Z [err]             ^^^^^^^^^^^^^^^^^^^^^
2026-02-25T16:06:39.687614346Z [err]      return self.execute_command("GET", name, keys=[name])
2026-02-25T16:06:39.687616663Z [err]    File "/usr/local/lib/python3.12/site-packages/redis/connection.py", line 1483, in get_connection
2026-02-25T16:06:39.687627449Z [err]    File "/usr/local/lib/python3.12/site-packages/redis/client.py", line 605, in execute_command
2026-02-25T16:06:39.687630186Z [err]    File "/usr/local/lib/python3.12/site-packages/redis/client.py", line 611, in _execute_command
2026-02-25T16:06:39.687634303Z [err]      return self._execute_command(*args, **options)
2026-02-25T16:06:39.687641564Z [err]      conn = self.connection or pool.get_connection()
2026-02-25T16:06:39.687641574Z [err]             ^^^^^^^^^^^^^^^^^^^^^^^^^^^^^^^^^^^^^^^
2026-02-25T16:06:39.687649691Z [err]                                ^^^^^^^^^^^^^^^^^^^^^
2026-02-25T16:06:39.687655899Z [err]    File "/usr/local/lib/python3.12/site-packages/redis/utils.py", line 183, in wrapper
2026-02-25T16:06:39.687665407Z [err]              ^^^^^^^^^^^^^^^
2026-02-25T16:06:39.687674403Z [err]    File "/usr/local/lib/python3.12/site-packages/redis/commands/core.py", line 1822, in get
2026-02-25T16:06:39.687854834Z [err]      connection.connect()
2026-02-25T16:06:39.687864357Z [err]    File "/usr/local/lib/python3.12/site-packages/redis/connection.py", line 384, in connect
2026-02-25T16:06:39.687871092Z [err]      raise ConnectionError(self._error_message(e))
2026-02-25T16:06:39.687878046Z [err]  redis.exceptions.ConnectionError: Error 111 connecting to localhost:6379. Connection refused.
2026-02-25T16:06:39.687884448Z [err]  2026-02-25 21:06:29,980 [INFO] apps: GET /api/v1/games/ 500 0.006s
2026-02-25T16:06:39.687891538Z [inf]  100.64.0.3 - - [25/Feb/2026:21:06:29 +0500] "GET /api/v1/games/ HTTP/1.1" 500 145 "https://frontend-production-76e67.up.railway.app/" "Mozilla/5.0 (Windows NT 10.0; Win64; x64) AppleWebKit/537.36 (KHTML, like Gecko) Chrome/145.0.0.0 Safari/537.36"
2026-02-25T16:06:39.694547775Z [err]  2026-02-25 21:06:30,267 [ERROR] apps: Unhandled exception
2026-02-25T16:06:39.694560732Z [err]  Traceback (most recent call last):
2026-02-25T16:06:39.694571274Z [err]    File "/usr/local/lib/python3.12/site-packages/redis/connection.py", line 378, in connect
2026-02-25T16:06:39.694577268Z [err]      sock = self.retry.call_with_retry(
2026-02-25T16:06:39.694588577Z [err]             ^^^^^^^^^^^^^^^^^^^^^^^^^^^
2026-02-25T16:06:39.694594419Z [err]    File "/usr/local/lib/python3.12/site-packages/redis/retry.py", line 62, in call_with_retry
2026-02-25T16:06:39.694601325Z [err]      return do()
2026-02-25T16:06:39.694606916Z [err]             ^^^^
2026-02-25T16:06:39.694611432Z [err]    File "/usr/local/lib/python3.12/site-packages/redis/connection.py", line 379, in <lambda>
2026-02-25T16:06:39.694617266Z [err]      lambda: self._connect(), lambda error: self.disconnect(error)
2026-02-25T16:06:39.694624242Z [err]              ^^^^^^^^^^^^^^^
2026-02-25T16:06:39.694631121Z [err]    File "/usr/local/lib/python3.12/site-packages/redis/connection.py", line 764, in _connect
2026-02-25T16:06:39.694637381Z [err]      raise err
2026-02-25T16:06:39.694648386Z [err]  
2026-02-25T16:06:39.694653415Z [err]    File "/usr/local/lib/python3.12/site-packages/redis/connection.py", line 752, in _connect
2026-02-25T16:06:39.694659418Z [err]      sock.connect(socket_address)
2026-02-25T16:06:39.694664015Z [err]  Traceback (most recent call last):
2026-02-25T16:06:39.694666827Z [err]  ConnectionRefusedError: [Errno 111] Connection refused
2026-02-25T16:06:39.694674432Z [err]  
2026-02-25T16:06:39.694679176Z [err]    File "/usr/local/lib/python3.12/site-packages/rest_framework/views.py", line 503, in dispatch
2026-02-25T16:06:39.694682551Z [err]  During handling of the above exception, another exception occurred:
2026-02-25T16:06:39.694692950Z [err]      self.initial(request, *args, **kwargs)
2026-02-25T16:06:39.696762171Z [err]    File "/usr/local/lib/python3.12/site-packages/rest_framework/views.py", line 422, in initial
2026-02-25T16:06:39.696769998Z [err]      self.check_throttles(request)
2026-02-25T16:06:39.696781527Z [err]    File "/usr/local/lib/python3.12/site-packages/rest_framework/views.py", line 365, in check_throttles
2026-02-25T16:06:39.696788681Z [err]      if not throttle.allow_request(request, self):
2026-02-25T16:06:39.696795463Z [err]             ^^^^^^^^^^^^^^^^^^^^^^^^^^^^^^^^^^^^^
2026-02-25T16:06:39.696802733Z [err]    File "/usr/local/lib/python3.12/site-packages/rest_framework/throttling.py", line 123, in allow_request
2026-02-25T16:06:39.696809786Z [err]      self.history = self.cache.get(self.key, [])
2026-02-25T16:06:39.696822201Z [err]                     ^^^^^^^^^^^^^^^^^^^^^^^^^^^^
2026-02-25T16:06:39.696829213Z [err]    File "/usr/local/lib/python3.12/site-packages/django/core/cache/backends/redis.py", line 188, in get
2026-02-25T16:06:39.696835083Z [err]      return self._cache.get(key, default)
2026-02-25T16:06:39.696841015Z [err]             ^^^^^^^^^^^^^^^^^^^^^^^^^^^^^
2026-02-25T16:06:39.696846637Z [err]    File "/usr/local/lib/python3.12/site-packages/django/core/cache/backends/redis.py", line 100, in get
2026-02-25T16:06:39.696853421Z [err]      value = client.get(key)
2026-02-25T16:06:39.696859418Z [err]              ^^^^^^^^^^^^^^^
2026-02-25T16:06:39.696865575Z [err]    File "/usr/local/lib/python3.12/site-packages/redis/commands/core.py", line 1822, in get
2026-02-25T16:06:39.696871652Z [err]      return self.execute_command("GET", name, keys=[name])
2026-02-25T16:06:39.696877569Z [err]             ^^^^^^^^^^^^^^^^^^^^^^^^^^^^^^^^^^^^^^^^^^^^^^
2026-02-25T16:06:39.696884847Z [err]    File "/usr/local/lib/python3.12/site-packages/redis/client.py", line 605, in execute_command
2026-02-25T16:06:39.696891981Z [err]      return self._execute_command(*args, **options)
2026-02-25T16:06:39.701936438Z [err]             ^^^^^^^^^^^^^^^^^^^^^^^^^^^^^^^^^^^^^^^
2026-02-25T16:06:39.701967381Z [err]    File "/usr/local/lib/python3.12/site-packages/redis/client.py", line 611, in _execute_command
2026-02-25T16:06:39.702648195Z [err]      conn = self.connection or pool.get_connection()
2026-02-25T16:06:39.702661219Z [err]                                ^^^^^^^^^^^^^^^^^^^^^
2026-02-25T16:06:39.702669021Z [err]    File "/usr/local/lib/python3.12/site-packages/redis/utils.py", line 183, in wrapper
2026-02-25T16:06:39.702675879Z [err]      return func(*args, **kwargs)
2026-02-25T16:06:39.702682239Z [err]             ^^^^^^^^^^^^^^^^^^^^^
2026-02-25T16:06:39.702688901Z [err]    File "/usr/local/lib/python3.12/site-packages/redis/connection.py", line 1483, in get_connection
2026-02-25T16:06:39.702695758Z [err]      connection.connect()
2026-02-25T16:06:39.702705537Z [err]    File "/usr/local/lib/python3.12/site-packages/redis/connection.py", line 384, in connect
2026-02-25T16:06:39.702712939Z [err]      raise ConnectionError(self._error_message(e))
2026-02-25T16:06:39.702719800Z [err]  redis.exceptions.ConnectionError: Error 111 connecting to localhost:6379. Connection refused.
2026-02-25T16:06:39.702726853Z [err]  2026-02-25 21:06:30,269 [ERROR] django.request: Internal Server Error: /api/v1/games/
2026-02-25T16:06:39.702733393Z [err]  Traceback (most recent call last):
2026-02-25T16:06:39.702739597Z [err]    File "/usr/local/lib/python3.12/site-packages/redis/connection.py", line 378, in connect
2026-02-25T16:06:39.702745254Z [err]      sock = self.retry.call_with_retry(
2026-02-25T16:06:39.702753127Z [err]             ^^^^^^^^^^^^^^^^^^^^^^^^^^^
2026-02-25T16:06:39.702759403Z [err]    File "/usr/local/lib/python3.12/site-packages/redis/retry.py", line 62, in call_with_retry
2026-02-25T16:06:39.702765969Z [err]      return do()
2026-02-25T16:06:39.702772589Z [err]             ^^^^
2026-02-25T16:06:39.707591625Z [err]    File "/usr/local/lib/python3.12/site-packages/redis/connection.py", line 379, in <lambda>
2026-02-25T16:06:39.707597356Z [err]      lambda: self._connect(), lambda error: self.disconnect(error)
2026-02-25T16:06:39.707602476Z [err]              ^^^^^^^^^^^^^^^
2026-02-25T16:06:39.707607823Z [err]    File "/usr/local/lib/python3.12/site-packages/redis/connection.py", line 764, in _connect
2026-02-25T16:06:39.707614428Z [err]      raise err
2026-02-25T16:06:39.707624290Z [err]    File "/usr/local/lib/python3.12/site-packages/redis/connection.py", line 752, in _connect
2026-02-25T16:06:39.707630057Z [err]      sock.connect(socket_address)
2026-02-25T16:06:39.707635678Z [err]  ConnectionRefusedError: [Errno 111] Connection refused
2026-02-25T16:06:39.707642027Z [err]  
2026-02-25T16:06:39.707647402Z [err]  During handling of the above exception, another exception occurred:
2026-02-25T16:06:39.707654490Z [err]  
2026-02-25T16:06:39.707664388Z [err]  Traceback (most recent call last):
2026-02-25T16:06:39.707670958Z [err]    File "/usr/local/lib/python3.12/site-packages/django/core/handlers/exception.py", line 55, in inner
2026-02-25T16:06:39.707676682Z [err]      response = get_response(request)
2026-02-25T16:06:39.707683098Z [err]                 ^^^^^^^^^^^^^^^^^^^^^
2026-02-25T16:06:39.707695838Z [err]    File "/usr/local/lib/python3.12/site-packages/django/core/handlers/base.py", line 197, in _get_response
2026-02-25T16:06:39.707700098Z [err]      response = wrapped_callback(request, *callback_args, **callback_kwargs)
2026-02-25T16:06:39.707704081Z [err]                 ^^^^^^^^^^^^^^^^^^^^^^^^^^^^^^^^^^^^^^^^^^^^^^^^^^^^^^^^^^^^
2026-02-25T16:06:39.707709480Z [err]    File "/usr/local/lib/python3.12/site-packages/django/views/decorators/csrf.py", line 65, in _view_wrapper
2026-02-25T16:06:39.707714104Z [err]      return view_func(request, *args, **kwargs)
2026-02-25T16:06:39.707717869Z [err]             ^^^^^^^^^^^^^^^^^^^^^^^^^^^^^^^^^^^
2026-02-25T16:06:39.711255072Z [err]    File "/usr/local/lib/python3.12/site-packages/django/views/generic/base.py", line 105, in view
2026-02-25T16:06:39.711265744Z [err]      raise exc
2026-02-25T16:06:39.711271572Z [err]      return self.dispatch(request, *args, **kwargs)
2026-02-25T16:06:39.711279390Z [err]    File "/usr/local/lib/python3.12/site-packages/rest_framework/views.py", line 503, in dispatch
2026-02-25T16:06:39.711286168Z [err]             ^^^^^^^^^^^^^^^^^^^^^^^^^^^^^^^^^^^^^^^
2026-02-25T16:06:39.711290780Z [err]      response = self.handle_exception(exc)
2026-02-25T16:06:39.711291732Z [err]      self.initial(request, *args, **kwargs)
2026-02-25T16:06:39.711299737Z [err]    File "/usr/local/lib/python3.12/site-packages/rest_framework/views.py", line 422, in initial
2026-02-25T16:06:39.711302351Z [err]                 ^^^^^^^^^^^^^^^^^^^^^^^^^^
2026-02-25T16:06:39.711303324Z [err]    File "/usr/local/lib/python3.12/site-packages/rest_framework/views.py", line 515, in dispatch
2026-02-25T16:06:39.711310337Z [err]    File "/usr/local/lib/python3.12/site-packages/rest_framework/views.py", line 475, in handle_exception
2026-02-25T16:06:39.711311487Z [err]      self.check_throttles(request)
2026-02-25T16:06:39.711319306Z [err]    File "/usr/local/lib/python3.12/site-packages/rest_framework/views.py", line 365, in check_throttles
2026-02-25T16:06:39.711321372Z [err]      self.raise_uncaught_exception(exc)
2026-02-25T16:06:39.711325104Z [err]      self.history = self.cache.get(self.key, [])
2026-02-25T16:06:39.711329334Z [err]    File "/usr/local/lib/python3.12/site-packages/rest_framework/views.py", line 486, in raise_uncaught_exception
2026-02-25T16:06:39.711338173Z [err]      if not throttle.allow_request(request, self):
2026-02-25T16:06:39.711348227Z [err]             ^^^^^^^^^^^^^^^^^^^^^^^^^^^^^^^^^^^^^
2026-02-25T16:06:39.711356962Z [err]    File "/usr/local/lib/python3.12/site-packages/rest_framework/throttling.py", line 123, in allow_request
2026-02-25T16:06:39.719210272Z [err]                     ^^^^^^^^^^^^^^^^^^^^^^^^^^^^
2026-02-25T16:06:39.719217335Z [err]    File "/usr/local/lib/python3.12/site-packages/django/core/cache/backends/redis.py", line 188, in get
2026-02-25T16:06:39.719224542Z [err]      return self._cache.get(key, default)
2026-02-25T16:06:39.719232531Z [err]             ^^^^^^^^^^^^^^^^^^^^^^^^^^^^^
2026-02-25T16:06:39.719240781Z [err]    File "/usr/local/lib/python3.12/site-packages/django/core/cache/backends/redis.py", line 100, in get
2026-02-25T16:06:39.719248171Z [err]      value = client.get(key)
2026-02-25T16:06:39.719256133Z [err]              ^^^^^^^^^^^^^^^
2026-02-25T16:06:39.719264622Z [err]    File "/usr/local/lib/python3.12/site-packages/redis/commands/core.py", line 1822, in get
2026-02-25T16:06:39.719271903Z [err]      return self.execute_command("GET", name, keys=[name])
2026-02-25T16:06:39.719278610Z [err]             ^^^^^^^^^^^^^^^^^^^^^^^^^^^^^^^^^^^^^^^^^^^^^^
2026-02-25T16:06:39.719286193Z [err]    File "/usr/local/lib/python3.12/site-packages/redis/client.py", line 605, in execute_command
2026-02-25T16:06:39.719293847Z [err]      return self._execute_command(*args, **options)
2026-02-25T16:06:39.719300097Z [err]             ^^^^^^^^^^^^^^^^^^^^^^^^^^^^^^^^^^^^^^^
2026-02-25T16:06:39.719307413Z [err]    File "/usr/local/lib/python3.12/site-packages/redis/client.py", line 611, in _execute_command
2026-02-25T16:06:39.719316918Z [err]      conn = self.connection or pool.get_connection()
2026-02-25T16:06:39.719324153Z [err]                                ^^^^^^^^^^^^^^^^^^^^^
2026-02-25T16:06:39.719332183Z [err]    File "/usr/local/lib/python3.12/site-packages/redis/utils.py", line 183, in wrapper
2026-02-25T16:06:39.719339601Z [err]      return func(*args, **kwargs)
2026-02-25T16:06:39.719347119Z [err]             ^^^^^^^^^^^^^^^^^^^^^
2026-02-25T16:06:39.719354889Z [err]    File "/usr/local/lib/python3.12/site-packages/redis/connection.py", line 1483, in get_connection
2026-02-25T16:06:39.723402609Z [err]      connection.connect()
2026-02-25T16:06:39.723408084Z [err]    File "/usr/local/lib/python3.12/site-packages/redis/connection.py", line 384, in connect
2026-02-25T16:06:39.723412966Z [err]      raise ConnectionError(self._error_message(e))
2026-02-25T16:06:39.723418191Z [err]  redis.exceptions.ConnectionError: Error 111 connecting to localhost:6379. Connection refused.
2026-02-25T16:06:39.723423141Z [err]  2026-02-25 21:06:30,272 [INFO] apps: GET /api/v1/games/ 500 0.007s
2026-02-25T16:06:39.723427522Z [inf]  100.64.0.2 - - [25/Feb/2026:21:06:30 +0500] "GET /api/v1/games/ HTTP/1.1" 500 145 "https://frontend-production-76e67.up.railway.app/" "Mozilla/5.0 (Windows NT 10.0; Win64; x64) AppleWebKit/537.36 (KHTML, like Gecko) Chrome/145.0.0.0 Safari/537.36"
2026-02-25T16:06:39.723431615Z [err]  2026-02-25 21:06:30,274 [ERROR] apps: Unhandled exception
2026-02-25T16:06:39.723435775Z [err]  Traceback (most recent call last):
2026-02-25T16:06:39.723442431Z [err]    File "/usr/local/lib/python3.12/site-packages/redis/connection.py", line 378, in connect
2026-02-25T16:06:39.723449059Z [err]      sock = self.retry.call_with_retry(
2026-02-25T16:06:39.723453868Z [err]             ^^^^^^^^^^^^^^^^^^^^^^^^^^^
2026-02-25T16:06:39.723458420Z [err]    File "/usr/local/lib/python3.12/site-packages/redis/retry.py", line 62, in call_with_retry
2026-02-25T16:06:39.723463753Z [err]      return do()
2026-02-25T16:06:39.723468523Z [err]             ^^^^
2026-02-25T16:06:39.723474673Z [err]    File "/usr/local/lib/python3.12/site-packages/redis/connection.py", line 379, in <lambda>
2026-02-25T16:06:39.723481876Z [err]      lambda: self._connect(), lambda error: self.disconnect(error)
2026-02-25T16:06:39.723487324Z [err]              ^^^^^^^^^^^^^^^
2026-02-25T16:06:39.723492254Z [err]    File "/usr/local/lib/python3.12/site-packages/redis/connection.py", line 764, in _connect
2026-02-25T16:06:39.723498286Z [err]      raise err
2026-02-25T16:06:39.725913975Z [err]      if not throttle.allow_request(request, self):
2026-02-25T16:06:39.725925074Z [err]             ^^^^^^^^^^^^^^^^^^^^^^^^^^^^^^^^^^^^^
2026-02-25T16:06:39.725932004Z [err]    File "/usr/local/lib/python3.12/site-packages/rest_framework/throttling.py", line 123, in allow_request
2026-02-25T16:06:39.725938097Z [err]      self.history = self.cache.get(self.key, [])
2026-02-25T16:06:39.725953904Z [err]  
2026-02-25T16:06:39.725961928Z [err]  During handling of the above exception, another exception occurred:
2026-02-25T16:06:39.725966100Z [err]    File "/usr/local/lib/python3.12/site-packages/redis/connection.py", line 752, in _connect
2026-02-25T16:06:39.725970476Z [err]  
2026-02-25T16:06:39.725975631Z [err]      sock.connect(socket_address)
2026-02-25T16:06:39.725983475Z [err]  Traceback (most recent call last):
2026-02-25T16:06:39.725986015Z [err]  ConnectionRefusedError: [Errno 111] Connection refused
2026-02-25T16:06:39.725991441Z [err]    File "/usr/local/lib/python3.12/site-packages/rest_framework/views.py", line 503, in dispatch
2026-02-25T16:06:39.725997982Z [err]      self.initial(request, *args, **kwargs)
2026-02-25T16:06:39.726018355Z [err]    File "/usr/local/lib/python3.12/site-packages/rest_framework/views.py", line 422, in initial
2026-02-25T16:06:39.726024699Z [err]      self.check_throttles(request)
2026-02-25T16:06:39.726030807Z [err]    File "/usr/local/lib/python3.12/site-packages/rest_framework/views.py", line 365, in check_throttles
2026-02-25T16:06:39.726348552Z [err]                     ^^^^^^^^^^^^^^^^^^^^^^^^^^^^
2026-02-25T16:06:39.726356936Z [err]    File "/usr/local/lib/python3.12/site-packages/django/core/cache/backends/redis.py", line 188, in get
2026-02-25T16:06:39.726365826Z [err]      return self._cache.get(key, default)
2026-02-25T16:06:39.726369549Z [err]             ^^^^^^^^^^^^^^^^^^^^^^^^^^^^^
2026-02-25T16:06:39.726374001Z [err]    File "/usr/local/lib/python3.12/site-packages/django/core/cache/backends/redis.py", line 100, in get
2026-02-25T16:06:39.727592642Z [err]      value = client.get(key)
2026-02-25T16:06:39.727600666Z [err]              ^^^^^^^^^^^^^^^
2026-02-25T16:06:39.727608274Z [err]    File "/usr/local/lib/python3.12/site-packages/redis/commands/core.py", line 1822, in get
2026-02-25T16:06:39.727636178Z [err]    File "/usr/local/lib/python3.12/site-packages/redis/client.py", line 605, in execute_command
2026-02-25T16:06:39.727636992Z [err]    File "/usr/local/lib/python3.12/site-packages/redis/client.py", line 611, in _execute_command
2026-02-25T16:06:39.727637064Z [err]      return self.execute_command("GET", name, keys=[name])
2026-02-25T16:06:39.727639830Z [err]      raise ConnectionError(self._error_message(e))
2026-02-25T16:06:39.727640266Z [err]    File "/usr/local/lib/python3.12/site-packages/redis/connection.py", line 1483, in get_connection
2026-02-25T16:06:39.727641192Z [err]    File "/usr/local/lib/python3.12/site-packages/redis/utils.py", line 183, in wrapper
2026-02-25T16:06:39.727647052Z [err]      return self._execute_command(*args, **options)
2026-02-25T16:06:39.727648732Z [err]             ^^^^^^^^^^^^^^^^^^^^^^^^^^^^^^^^^^^^^^^^^^^^^^
2026-02-25T16:06:39.727649336Z [err]      conn = self.connection or pool.get_connection()
2026-02-25T16:06:39.727651447Z [err]      connection.connect()
2026-02-25T16:06:39.727651499Z [err]  redis.exceptions.ConnectionError: Error 111 connecting to localhost:6379. Connection refused.
2026-02-25T16:06:39.727654549Z [err]      return func(*args, **kwargs)
2026-02-25T16:06:39.727657153Z [err]             ^^^^^^^^^^^^^^^^^^^^^^^^^^^^^^^^^^^^^^^
2026-02-25T16:06:39.727660767Z [err]                                ^^^^^^^^^^^^^^^^^^^^^
2026-02-25T16:06:39.727662598Z [err]    File "/usr/local/lib/python3.12/site-packages/redis/connection.py", line 384, in connect
2026-02-25T16:06:39.727663459Z [err]  2026-02-25 21:06:30,276 [ERROR] django.request: Internal Server Error: /api/v1/listings/
2026-02-25T16:06:39.727665747Z [err]             ^^^^^^^^^^^^^^^^^^^^^
2026-02-25T16:06:39.733072994Z [err]      return do()
2026-02-25T16:06:39.733080011Z [err]             ^^^^
2026-02-25T16:06:39.733087679Z [err]    File "/usr/local/lib/python3.12/site-packages/redis/connection.py", line 379, in <lambda>
2026-02-25T16:06:39.733090139Z [err]      sock = self.retry.call_with_retry(
2026-02-25T16:06:39.733101657Z [err]             ^^^^^^^^^^^^^^^^^^^^^^^^^^^
2026-02-25T16:06:39.733103824Z [err]      lambda: self._connect(), lambda error: self.disconnect(error)
2026-02-25T16:06:39.733111543Z [err]    File "/usr/local/lib/python3.12/site-packages/redis/retry.py", line 62, in call_with_retry
2026-02-25T16:06:39.733114338Z [err]              ^^^^^^^^^^^^^^^
2026-02-25T16:06:39.733121216Z [err]    File "/usr/local/lib/python3.12/site-packages/redis/connection.py", line 764, in _connect
2026-02-25T16:06:39.733129281Z [err]      raise err
2026-02-25T16:06:39.733132059Z [err]  
2026-02-25T16:06:39.733143751Z [err]  During handling of the above exception, another exception occurred:
2026-02-25T16:06:39.733144014Z [err]  Traceback (most recent call last):
2026-02-25T16:06:39.733150862Z [err]  
2026-02-25T16:06:39.733153945Z [err]    File "/usr/local/lib/python3.12/site-packages/django/core/handlers/exception.py", line 55, in inner
2026-02-25T16:06:39.733161738Z [err]      response = get_response(request)
2026-02-25T16:06:39.733165718Z [err]    File "/usr/local/lib/python3.12/site-packages/redis/connection.py", line 752, in _connect
2026-02-25T16:06:39.733175691Z [err]                 ^^^^^^^^^^^^^^^^^^^^^
2026-02-25T16:06:39.733176416Z [err]      sock.connect(socket_address)
2026-02-25T16:06:39.733184375Z [err]  ConnectionRefusedError: [Errno 111] Connection refused
2026-02-25T16:06:39.733294678Z [err]  Traceback (most recent call last):
2026-02-25T16:06:39.733301191Z [err]    File "/usr/local/lib/python3.12/site-packages/redis/connection.py", line 378, in connect
2026-02-25T16:06:39.735131321Z [err]    File "/usr/local/lib/python3.12/site-packages/django/core/handlers/base.py", line 197, in _get_response
2026-02-25T16:06:39.735136583Z [err]      response = wrapped_callback(request, *callback_args, **callback_kwargs)
2026-02-25T16:06:39.735143422Z [err]                 ^^^^^^^^^^^^^^^^^^^^^^^^^^^^^^^^^^^^^^^^^^^^^^^^^^^^^^^^^^^^
2026-02-25T16:06:39.735152109Z [err]    File "/usr/local/lib/python3.12/site-packages/django/views/decorators/csrf.py", line 65, in _view_wrapper
2026-02-25T16:06:39.735156733Z [err]      return view_func(request, *args, **kwargs)
2026-02-25T16:06:39.735161473Z [err]             ^^^^^^^^^^^^^^^^^^^^^^^^^^^^^^^^^^^
2026-02-25T16:06:39.735166866Z [err]    File "/usr/local/lib/python3.12/site-packages/django/views/generic/base.py", line 105, in view
2026-02-25T16:06:39.735171398Z [err]      return self.dispatch(request, *args, **kwargs)
2026-02-25T16:06:39.735176207Z [err]             ^^^^^^^^^^^^^^^^^^^^^^^^^^^^^^^^^^^^^^^
2026-02-25T16:06:39.735180724Z [err]    File "/usr/local/lib/python3.12/site-packages/rest_framework/views.py", line 515, in dispatch
2026-02-25T16:06:39.735185429Z [err]      response = self.handle_exception(exc)
2026-02-25T16:06:39.735190517Z [err]                 ^^^^^^^^^^^^^^^^^^^^^^^^^^
2026-02-25T16:06:39.735195335Z [err]    File "/usr/local/lib/python3.12/site-packages/rest_framework/views.py", line 475, in handle_exception
2026-02-25T16:06:39.735200024Z [err]      self.raise_uncaught_exception(exc)
2026-02-25T16:06:39.735205079Z [err]    File "/usr/local/lib/python3.12/site-packages/rest_framework/views.py", line 486, in raise_uncaught_exception
2026-02-25T16:06:39.735209357Z [err]      raise exc
2026-02-25T16:06:39.735214306Z [err]    File "/usr/local/lib/python3.12/site-packages/rest_framework/views.py", line 503, in dispatch
2026-02-25T16:06:39.735218953Z [err]      self.initial(request, *args, **kwargs)
2026-02-25T16:06:39.735223724Z [err]    File "/usr/local/lib/python3.12/site-packages/rest_framework/views.py", line 422, in initial
2026-02-25T16:06:39.739237407Z [err]      self.check_throttles(request)
2026-02-25T16:06:39.739277320Z [err]      if not throttle.allow_request(request, self):
2026-02-25T16:06:39.739282587Z [err]    File "/usr/local/lib/python3.12/site-packages/rest_framework/views.py", line 365, in check_throttles
2026-02-25T16:06:39.739286115Z [err]             ^^^^^^^^^^^^^^^^^^^^^^^^^^^^^^^^^^^^^
2026-02-25T16:06:39.739292675Z [err]    File "/usr/local/lib/python3.12/site-packages/rest_framework/throttling.py", line 123, in allow_request
2026-02-25T16:06:39.739299313Z [err]             ^^^^^^^^^^^^^^^^^^^^^^^^^^^^^
2026-02-25T16:06:39.739299803Z [err]              ^^^^^^^^^^^^^^^
2026-02-25T16:06:39.739307362Z [err]      self.history = self.cache.get(self.key, [])
2026-02-25T16:06:39.739309091Z [err]    File "/usr/local/lib/python3.12/site-packages/django/core/cache/backends/redis.py", line 100, in get
2026-02-25T16:06:39.739311293Z [err]    File "/usr/local/lib/python3.12/site-packages/redis/commands/core.py", line 1822, in get
2026-02-25T16:06:39.739317177Z [err]                     ^^^^^^^^^^^^^^^^^^^^^^^^^^^^
2026-02-25T16:06:39.739320423Z [err]      value = client.get(key)
2026-02-25T16:06:39.739321427Z [err]      return self.execute_command("GET", name, keys=[name])
2026-02-25T16:06:39.739326459Z [err]    File "/usr/local/lib/python3.12/site-packages/django/core/cache/backends/redis.py", line 188, in get
2026-02-25T16:06:39.739330736Z [err]             ^^^^^^^^^^^^^^^^^^^^^^^^^^^^^^^^^^^^^^^^^^^^^^
2026-02-25T16:06:39.739333464Z [err]      return self._cache.get(key, default)
2026-02-25T16:06:39.739337587Z [err]    File "/usr/local/lib/python3.12/site-packages/redis/client.py", line 605, in execute_command
2026-02-25T16:06:39.739344872Z [err]      return self._execute_command(*args, **options)
2026-02-25T16:06:39.739350303Z [err]             ^^^^^^^^^^^^^^^^^^^^^^^^^^^^^^^^^^^^^^^
2026-02-25T16:06:39.739355765Z [err]    File "/usr/local/lib/python3.12/site-packages/redis/client.py", line 611, in _execute_command
2026-02-25T16:06:39.744929815Z [err]      conn = self.connection or pool.get_connection()
2026-02-25T16:06:39.744936005Z [err]                                ^^^^^^^^^^^^^^^^^^^^^
2026-02-25T16:06:39.744958196Z [err]    File "/usr/local/lib/python3.12/site-packages/redis/utils.py", line 183, in wrapper
2026-02-25T16:06:39.744964624Z [err]      return func(*args, **kwargs)
2026-02-25T16:06:39.744970757Z [err]             ^^^^^^^^^^^^^^^^^^^^^
2026-02-25T16:06:39.744977413Z [err]    File "/usr/local/lib/python3.12/site-packages/redis/connection.py", line 1483, in get_connection
2026-02-25T16:06:39.744985450Z [err]      connection.connect()
2026-02-25T16:06:39.744992388Z [err]    File "/usr/local/lib/python3.12/site-packages/redis/connection.py", line 384, in connect
2026-02-25T16:06:39.745314831Z [err]      raise ConnectionError(self._error_message(e))
2026-02-25T16:06:39.745324990Z [err]  redis.exceptions.ConnectionError: Error 111 connecting to localhost:6379. Connection refused.
2026-02-25T16:06:39.745332977Z [err]  2026-02-25 21:06:30,278 [INFO] apps: GET /api/v1/listings/?page=1&limit=8 500 0.008s
2026-02-25T16:06:39.745339572Z [inf]  100.64.0.2 - - [25/Feb/2026:21:06:30 +0500] "GET /api/v1/listings/?page=1&limit=8 HTTP/1.1" 500 145 "https://frontend-production-76e67.up.railway.app/" "Mozilla/5.0 (Windows NT 10.0; Win64; x64) AppleWebKit/537.36 (KHTML, like Gecko) Chrome/145.0.0.0 Safari/537.36"
2026-02-25T16:06:39.745346429Z [err]  2026-02-25 21:06:32,484 [ERROR] apps: Unhandled exception
2026-02-25T16:06:39.745353268Z [err]  Traceback (most recent call last):
2026-02-25T16:06:39.745359977Z [err]    File "/usr/local/lib/python3.12/site-packages/redis/connection.py", line 378, in connect
2026-02-25T16:06:39.745366477Z [err]      sock = self.retry.call_with_retry(
2026-02-25T16:06:39.745373023Z [err]             ^^^^^^^^^^^^^^^^^^^^^^^^^^^
2026-02-25T16:06:39.745380624Z [err]    File "/usr/local/lib/python3.12/site-packages/redis/retry.py", line 62, in call_with_retry
2026-02-25T16:06:39.748699048Z [err]      return do()
2026-02-25T16:06:39.748703075Z [err]             ^^^^
2026-02-25T16:06:39.748706973Z [err]    File "/usr/local/lib/python3.12/site-packages/redis/connection.py", line 379, in <lambda>
2026-02-25T16:06:39.748711421Z [err]      lambda: self._connect(), lambda error: self.disconnect(error)
2026-02-25T16:06:39.748715666Z [err]              ^^^^^^^^^^^^^^^
2026-02-25T16:06:39.748719868Z [err]    File "/usr/local/lib/python3.12/site-packages/redis/connection.py", line 764, in _connect
2026-02-25T16:06:39.748723799Z [err]      raise err
2026-02-25T16:06:39.748729446Z [err]    File "/usr/local/lib/python3.12/site-packages/redis/connection.py", line 752, in _connect
2026-02-25T16:06:39.748734023Z [err]      sock.connect(socket_address)
2026-02-25T16:06:39.748738170Z [err]  ConnectionRefusedError: [Errno 111] Connection refused
2026-02-25T16:06:39.748743319Z [err]  
2026-02-25T16:06:39.748747582Z [err]  During handling of the above exception, another exception occurred:
2026-02-25T16:06:39.748752049Z [err]  
2026-02-25T16:06:39.748756379Z [err]  Traceback (most recent call last):
2026-02-25T16:06:39.748760699Z [err]    File "/usr/local/lib/python3.12/site-packages/rest_framework/views.py", line 503, in dispatch
2026-02-25T16:06:39.748765473Z [err]      self.initial(request, *args, **kwargs)
2026-02-25T16:06:39.748770582Z [err]    File "/usr/local/lib/python3.12/site-packages/rest_framework/views.py", line 422, in initial
2026-02-25T16:06:39.748775240Z [err]      self.check_throttles(request)
2026-02-25T16:06:39.748779988Z [err]    File "/usr/local/lib/python3.12/site-packages/rest_framework/views.py", line 365, in check_throttles
2026-02-25T16:06:39.748784721Z [err]      if not throttle.allow_request(request, self):
2026-02-25T16:06:39.748789713Z [err]             ^^^^^^^^^^^^^^^^^^^^^^^^^^^^^^^^^^^^^
2026-02-25T16:06:39.748794988Z [err]    File "/usr/local/lib/python3.12/site-packages/rest_framework/throttling.py", line 123, in allow_request
2026-02-25T16:06:39.753999869Z [err]      self.history = self.cache.get(self.key, [])
2026-02-25T16:06:39.754006557Z [err]                     ^^^^^^^^^^^^^^^^^^^^^^^^^^^^
2026-02-25T16:06:39.754013971Z [err]    File "/usr/local/lib/python3.12/site-packages/django/core/cache/backends/redis.py", line 188, in get
2026-02-25T16:06:39.754020808Z [err]      return self._cache.get(key, default)
2026-02-25T16:06:39.754027738Z [err]             ^^^^^^^^^^^^^^^^^^^^^^^^^^^^^
2026-02-25T16:06:39.754034444Z [err]    File "/usr/local/lib/python3.12/site-packages/django/core/cache/backends/redis.py", line 100, in get
2026-02-25T16:06:39.754040836Z [err]      value = client.get(key)
2026-02-25T16:06:39.754047800Z [err]              ^^^^^^^^^^^^^^^
2026-02-25T16:06:39.754054338Z [err]    File "/usr/local/lib/python3.12/site-packages/redis/commands/core.py", line 1822, in get
2026-02-25T16:06:39.754061274Z [err]      return self.execute_command("GET", name, keys=[name])
2026-02-25T16:06:39.754067774Z [err]             ^^^^^^^^^^^^^^^^^^^^^^^^^^^^^^^^^^^^^^^^^^^^^^
2026-02-25T16:06:39.754076653Z [err]    File "/usr/local/lib/python3.12/site-packages/redis/client.py", line 605, in execute_command
2026-02-25T16:06:39.754083166Z [err]      return self._execute_command(*args, **options)
2026-02-25T16:06:39.754089341Z [err]             ^^^^^^^^^^^^^^^^^^^^^^^^^^^^^^^^^^^^^^^
2026-02-25T16:06:39.754095252Z [err]    File "/usr/local/lib/python3.12/site-packages/redis/client.py", line 611, in _execute_command
2026-02-25T16:06:39.754101863Z [err]      conn = self.connection or pool.get_connection()
2026-02-25T16:06:39.754109553Z [err]                                ^^^^^^^^^^^^^^^^^^^^^
2026-02-25T16:06:39.754115732Z [err]    File "/usr/local/lib/python3.12/site-packages/redis/utils.py", line 183, in wrapper
2026-02-25T16:06:39.754122113Z [err]      return func(*args, **kwargs)
2026-02-25T16:06:39.754129129Z [err]             ^^^^^^^^^^^^^^^^^^^^^
2026-02-25T16:06:39.757293680Z [err]    File "/usr/local/lib/python3.12/site-packages/redis/connection.py", line 1483, in get_connection
2026-02-25T16:06:39.757300007Z [err]      connection.connect()
2026-02-25T16:06:39.757306114Z [err]    File "/usr/local/lib/python3.12/site-packages/redis/connection.py", line 384, in connect
2026-02-25T16:06:39.757343366Z [err]      sock.connect(socket_address)
2026-02-25T16:06:39.757384073Z [err]      raise ConnectionError(self._error_message(e))
2026-02-25T16:06:39.757390161Z [err]  redis.exceptions.ConnectionError: Error 111 connecting to localhost:6379. Connection refused.
2026-02-25T16:06:39.757396476Z [err]  2026-02-25 21:06:32,487 [ERROR] django.request: Internal Server Error: /api/v1/games/
2026-02-25T16:06:39.757402109Z [err]  Traceback (most recent call last):
2026-02-25T16:06:39.757408229Z [err]    File "/usr/local/lib/python3.12/site-packages/redis/connection.py", line 378, in connect
2026-02-25T16:06:39.757419233Z [err]      sock = self.retry.call_with_retry(
2026-02-25T16:06:39.757424898Z [err]             ^^^^^^^^^^^^^^^^^^^^^^^^^^^
2026-02-25T16:06:39.757429923Z [err]    File "/usr/local/lib/python3.12/site-packages/redis/retry.py", line 62, in call_with_retry
2026-02-25T16:06:39.757434403Z [err]      return do()
2026-02-25T16:06:39.757438654Z [err]             ^^^^
2026-02-25T16:06:39.757442657Z [err]    File "/usr/local/lib/python3.12/site-packages/redis/connection.py", line 379, in <lambda>
2026-02-25T16:06:39.757447681Z [err]      lambda: self._connect(), lambda error: self.disconnect(error)
2026-02-25T16:06:39.757451923Z [err]              ^^^^^^^^^^^^^^^
2026-02-25T16:06:39.757456343Z [err]    File "/usr/local/lib/python3.12/site-packages/redis/connection.py", line 764, in _connect
2026-02-25T16:06:39.757460662Z [err]      raise err
2026-02-25T16:06:39.757466286Z [err]    File "/usr/local/lib/python3.12/site-packages/redis/connection.py", line 752, in _connect
2026-02-25T16:06:39.765640961Z [err]  ConnectionRefusedError: [Errno 111] Connection refused
2026-02-25T16:06:39.765652494Z [err]  
2026-02-25T16:06:39.765660219Z [err]  During handling of the above exception, another exception occurred:
2026-02-25T16:06:39.765666851Z [err]  
2026-02-25T16:06:39.765674229Z [err]  Traceback (most recent call last):
2026-02-25T16:06:39.765681041Z [err]    File "/usr/local/lib/python3.12/site-packages/django/core/handlers/exception.py", line 55, in inner
2026-02-25T16:06:39.765687523Z [err]      response = get_response(request)
2026-02-25T16:06:39.765693420Z [err]                 ^^^^^^^^^^^^^^^^^^^^^
2026-02-25T16:06:39.765699472Z [err]    File "/usr/local/lib/python3.12/site-packages/django/core/handlers/base.py", line 197, in _get_response
2026-02-25T16:06:39.765705726Z [err]      response = wrapped_callback(request, *callback_args, **callback_kwargs)
2026-02-25T16:06:39.765711707Z [err]                 ^^^^^^^^^^^^^^^^^^^^^^^^^^^^^^^^^^^^^^^^^^^^^^^^^^^^^^^^^^^^
2026-02-25T16:06:39.765719083Z [err]    File "/usr/local/lib/python3.12/site-packages/django/views/decorators/csrf.py", line 65, in _view_wrapper
2026-02-25T16:06:39.765724856Z [err]      return view_func(request, *args, **kwargs)
2026-02-25T16:06:39.765730558Z [err]             ^^^^^^^^^^^^^^^^^^^^^^^^^^^^^^^^^^^
2026-02-25T16:06:39.765738183Z [err]    File "/usr/local/lib/python3.12/site-packages/django/views/generic/base.py", line 105, in view
2026-02-25T16:06:39.765750331Z [err]      return self.dispatch(request, *args, **kwargs)
2026-02-25T16:06:39.765756584Z [err]             ^^^^^^^^^^^^^^^^^^^^^^^^^^^^^^^^^^^^^^^
2026-02-25T16:06:39.765763440Z [err]    File "/usr/local/lib/python3.12/site-packages/rest_framework/views.py", line 515, in dispatch
2026-02-25T16:06:39.765770782Z [err]      response = self.handle_exception(exc)
2026-02-25T16:06:39.765777141Z [err]                 ^^^^^^^^^^^^^^^^^^^^^^^^^^
2026-02-25T16:06:39.769995966Z [err]    File "/usr/local/lib/python3.12/site-packages/rest_framework/views.py", line 475, in handle_exception
2026-02-25T16:06:39.770004593Z [err]      self.raise_uncaught_exception(exc)
2026-02-25T16:06:39.770012111Z [err]    File "/usr/local/lib/python3.12/site-packages/rest_framework/views.py", line 486, in raise_uncaught_exception
2026-02-25T16:06:39.770019105Z [err]      raise exc
2026-02-25T16:06:39.770026711Z [err]    File "/usr/local/lib/python3.12/site-packages/rest_framework/views.py", line 503, in dispatch
2026-02-25T16:06:39.770033761Z [err]      self.initial(request, *args, **kwargs)
2026-02-25T16:06:39.772461946Z [err]              ^^^^^^^^^^^^^^^
2026-02-25T16:06:39.777722480Z [err]  2026-02-25 21:06:32,574 [ERROR] apps: Unhandled exception
2026-02-25T16:06:39.777728472Z [err]  Traceback (most recent call last):
2026-02-25T16:06:39.777734310Z [err]    File "/usr/local/lib/python3.12/site-packages/redis/connection.py", line 378, in connect
2026-02-25T16:06:39.781668853Z [err]    File "/usr/local/lib/python3.12/site-packages/rest_framework/views.py", line 422, in initial
2026-02-25T16:06:39.781674929Z [err]      self.check_throttles(request)
2026-02-25T16:06:39.785385011Z [err]             ^^^^^^^^^^^^^^^^^^^^^^^^^^^^^^^^^^^^^^^
2026-02-25T16:06:39.788973996Z [err]    File "/usr/local/lib/python3.12/site-packages/redis/connection.py", line 379, in <lambda>
2026-02-25T16:06:39.788980047Z [err]      lambda: self._connect(), lambda error: self.disconnect(error)
2026-02-25T16:06:39.798084325Z [err]    File "/usr/local/lib/python3.12/site-packages/django/views/generic/base.py", line 105, in view
2026-02-25T16:06:39.798090548Z [err]      return self.dispatch(request, *args, **kwargs)
2026-02-25T16:06:39.798098075Z [err]             ^^^^^^^^^^^^^^^^^^^^^^^^^^^^^^^^^^^^^^^
2026-02-25T16:06:39.798105460Z [err]    File "/usr/local/lib/python3.12/site-packages/rest_framework/views.py", line 515, in dispatch
2026-02-25T16:06:39.798118437Z [err]      response = self.handle_exception(exc)
2026-02-25T16:06:39.802572264Z [err]                     ^^^^^^^^^^^^^^^^^^^^^^^^^^^^
2026-02-25T16:06:39.802579411Z [err]    File "/usr/local/lib/python3.12/site-packages/django/core/cache/backends/redis.py", line 188, in get
2026-02-25T16:06:39.809708310Z [err]      connection.connect()
2026-02-25T16:06:39.809712640Z [err]    File "/usr/local/lib/python3.12/site-packages/redis/connection.py", line 384, in connect
2026-02-25T16:06:39.809717330Z [err]      raise ConnectionError(self._error_message(e))
2026-02-25T16:06:39.809724147Z [err]  redis.exceptions.ConnectionError: Error 111 connecting to localhost:6379. Connection refused.
2026-02-25T16:06:39.813942044Z [err]      raise err
2026-02-25T16:06:39.813950653Z [err]    File "/usr/local/lib/python3.12/site-packages/redis/connection.py", line 752, in _connect
2026-02-25T16:06:39.819765544Z [err]    File "/usr/local/lib/python3.12/site-packages/django/core/cache/backends/redis.py", line 100, in get
2026-02-25T16:06:39.819776647Z [err]      value = client.get(key)
2026-02-25T16:06:39.819783837Z [err]              ^^^^^^^^^^^^^^^
2026-02-25T16:06:39.827532373Z [err]  2026-02-25 21:06:36,768 [ERROR] django.request: Internal Server Error: /api/v1/games/
2026-02-25T16:06:39.827539835Z [err]  Traceback (most recent call last):
2026-02-25T16:06:39.827546609Z [err]    File "/usr/local/lib/python3.12/site-packages/redis/connection.py", line 378, in connect
2026-02-25T16:06:39.827565031Z [err]      sock = self.retry.call_with_retry(
2026-02-25T16:06:39.830880608Z [err]                 ^^^^^^^^^^^^^^^^^^^^^
2026-02-25T16:06:39.838557057Z [err]    File "/usr/local/lib/python3.12/site-packages/rest_framework/views.py", line 422, in initial
2026-02-25T16:06:39.838564881Z [err]      self.check_throttles(request)
2026-02-25T16:06:39.838574133Z [err]    File "/usr/local/lib/python3.12/site-packages/rest_framework/views.py", line 365, in check_throttles
2026-02-25T16:06:39.838582304Z [err]      if not throttle.allow_request(request, self):
2026-02-25T16:06:39.844565820Z [err]    File "/usr/local/lib/python3.12/site-packages/redis/client.py", line 611, in _execute_command
2026-02-25T16:06:39.844573161Z [err]      conn = self.connection or pool.get_connection()
2026-02-25T16:06:39.844621106Z [err]             ^^^^^^^^^^^^^^^^^^^^^^^^^^^^^^^^^^^^^^^
2026-02-25T16:06:40.848045418Z [err]    File "/usr/local/lib/python3.12/site-packages/redis/retry.py", line 62, in call_with_retry
2026-02-25T16:06:40.848052905Z [err]      return do()
2026-02-25T16:06:40.848059674Z [err]             ^^^^
2026-02-25T16:06:40.848066361Z [err]    File "/usr/local/lib/python3.12/site-packages/redis/connection.py", line 379, in <lambda>
2026-02-25T16:06:40.848070422Z [inf]  100.64.0.3 - - [25/Feb/2026:21:06:40 +0500] "OPTIONS /api/v1/auth/google/ HTTP/1.1" 200 0 "https://frontend-production-76e67.up.railway.app/" "Mozilla/5.0 (Windows NT 10.0; Win64; x64) AppleWebKit/537.36 (KHTML, like Gecko) Chrome/145.0.0.0 Safari/537.36"
2026-02-25T16:06:40.848074075Z [err]      lambda: self._connect(), lambda error: self.disconnect(error)
2026-02-25T16:06:40.848079758Z [err]  2026-02-25 21:06:40,586 [ERROR] apps: Unhandled exception
2026-02-25T16:06:40.848081711Z [err]              ^^^^^^^^^^^^^^^
2026-02-25T16:06:40.848087371Z [err]    File "/usr/local/lib/python3.12/site-packages/redis/connection.py", line 764, in _connect
2026-02-25T16:06:40.848089737Z [err]  Traceback (most recent call last):
2026-02-25T16:06:40.848092213Z [err]      raise err
2026-02-25T16:06:40.848097760Z [err]    File "/usr/local/lib/python3.12/site-packages/redis/connection.py", line 752, in _connect
2026-02-25T16:06:40.848099566Z [err]    File "/usr/local/lib/python3.12/site-packages/redis/connection.py", line 378, in connect
2026-02-25T16:06:40.848107700Z [err]      sock.connect(socket_address)
2026-02-25T16:06:40.848107790Z [err]      sock = self.retry.call_with_retry(
2026-02-25T16:06:40.848115432Z [err]  ConnectionRefusedError: [Errno 111] Connection refused
2026-02-25T16:06:40.848117741Z [err]             ^^^^^^^^^^^^^^^^^^^^^^^^^^^
2026-02-25T16:06:40.848120704Z [err]  
2026-02-25T16:06:40.848124688Z [err]  During handling of the above exception, another exception occurred:
2026-02-25T16:06:40.848128966Z [err]  
2026-02-25T16:06:40.850457099Z [err]    File "/usr/local/lib/python3.12/site-packages/rest_framework/views.py", line 503, in dispatch
2026-02-25T16:06:40.850464458Z [err]      self.initial(request, *args, **kwargs)
2026-02-25T16:06:40.850548138Z [err]  Traceback (most recent call last):
2026-02-25T16:06:40.850548446Z [err]    File "/usr/local/lib/python3.12/site-packages/rest_framework/views.py", line 422, in initial
2026-02-25T16:06:40.850560373Z [err]      self.check_throttles(request)
2026-02-25T16:06:40.850568781Z [err]    File "/usr/local/lib/python3.12/site-packages/rest_framework/views.py", line 365, in check_throttles
2026-02-25T16:06:40.850573938Z [err]    File "/usr/local/lib/python3.12/site-packages/redis/commands/core.py", line 1822, in get
2026-02-25T16:06:40.850578735Z [err]      if not throttle.allow_request(request, self):
2026-02-25T16:06:40.850584453Z [err]             ^^^^^^^^^^^^^^^^^^^^^^^^^^^^^^^^^^^^^
2026-02-25T16:06:40.850593867Z [err]    File "/usr/local/lib/python3.12/site-packages/rest_framework/throttling.py", line 123, in allow_request
2026-02-25T16:06:40.850594596Z [err]      return self.execute_command("GET", name, keys=[name])
2026-02-25T16:06:40.850609232Z [err]      self.history = self.cache.get(self.key, [])
2026-02-25T16:06:40.850613189Z [err]             ^^^^^^^^^^^^^^^^^^^^^^^^^^^^^^^^^^^^^^^^^^^^^^
2026-02-25T16:06:40.850617087Z [err]                     ^^^^^^^^^^^^^^^^^^^^^^^^^^^^
2026-02-25T16:06:40.850621358Z [err]    File "/usr/local/lib/python3.12/site-packages/django/core/cache/backends/redis.py", line 188, in get
2026-02-25T16:06:40.850626087Z [err]      return self._cache.get(key, default)
2026-02-25T16:06:40.850631072Z [err]             ^^^^^^^^^^^^^^^^^^^^^^^^^^^^^
2026-02-25T16:06:40.850639652Z [err]    File "/usr/local/lib/python3.12/site-packages/django/core/cache/backends/redis.py", line 100, in get
2026-02-25T16:06:40.850644932Z [err]      value = client.get(key)
2026-02-25T16:06:40.850650354Z [err]              ^^^^^^^^^^^^^^^
2026-02-25T16:06:40.856017432Z [err]      connection.connect()
2026-02-25T16:06:40.856028252Z [err]    File "/usr/local/lib/python3.12/site-packages/redis/connection.py", line 384, in connect
2026-02-25T16:06:40.856153547Z [err]    File "/usr/local/lib/python3.12/site-packages/redis/client.py", line 605, in execute_command
2026-02-25T16:06:40.856158539Z [err]      return self._execute_command(*args, **options)
2026-02-25T16:06:40.856166795Z [err]             ^^^^^^^^^^^^^^^^^^^^^^^^^^^^^^^^^^^^^^^
2026-02-25T16:06:40.856176942Z [err]    File "/usr/local/lib/python3.12/site-packages/redis/client.py", line 611, in _execute_command
2026-02-25T16:06:40.856184509Z [err]      conn = self.connection or pool.get_connection()
2026-02-25T16:06:40.856193562Z [err]                                ^^^^^^^^^^^^^^^^^^^^^
2026-02-25T16:06:40.856200194Z [err]    File "/usr/local/lib/python3.12/site-packages/redis/utils.py", line 183, in wrapper
2026-02-25T16:06:40.856208935Z [err]      return func(*args, **kwargs)
2026-02-25T16:06:40.856215297Z [err]             ^^^^^^^^^^^^^^^^^^^^^
2026-02-25T16:06:40.856223348Z [err]    File "/usr/local/lib/python3.12/site-packages/redis/connection.py", line 1483, in get_connection
2026-02-25T16:06:40.856253583Z [err]      raise ConnectionError(self._error_message(e))
2026-02-25T16:06:40.856290853Z [err]  redis.exceptions.ConnectionError: Error 111 connecting to localhost:6379. Connection refused.
2026-02-25T16:06:40.856297797Z [err]  2026-02-25 21:06:40,587 [ERROR] django.request: Internal Server Error: /api/v1/auth/google/
2026-02-25T16:06:40.856305090Z [err]  Traceback (most recent call last):
2026-02-25T16:06:40.856311399Z [err]    File "/usr/local/lib/python3.12/site-packages/redis/connection.py", line 378, in connect
2026-02-25T16:06:40.856320261Z [err]      sock = self.retry.call_with_retry(
2026-02-25T16:06:40.856326219Z [err]             ^^^^^^^^^^^^^^^^^^^^^^^^^^^
2026-02-25T16:06:40.856332307Z [err]    File "/usr/local/lib/python3.12/site-packages/redis/retry.py", line 62, in call_with_retry
2026-02-25T16:06:40.863532411Z [err]      response = self.handle_exception(exc)
2026-02-25T16:06:40.863539710Z [err]             ^^^^^^^^^^^^^^^^^^^^^^^^^^^^^^^^^^^
2026-02-25T16:06:40.863541908Z [err]                 ^^^^^^^^^^^^^^^^^^^^^^^^^^
2026-02-25T16:06:40.863551615Z [err]    File "/usr/local/lib/python3.12/site-packages/django/views/generic/base.py", line 105, in view
2026-02-25T16:06:40.863559761Z [err]             ^^^^^^^^^^^^^^^^^^^^^^^^^^^^^^^^^^^^^^^
2026-02-25T16:06:40.863561961Z [err]      return self.dispatch(request, *args, **kwargs)
2026-02-25T16:06:40.863568358Z [err]    File "/usr/local/lib/python3.12/site-packages/rest_framework/views.py", line 515, in dispatch
2026-02-25T16:06:40.863581318Z [err]             ^^^^^^^^^^^^^^^^^^^^^^^^^^^^^^^^^^^^^
2026-02-25T16:06:40.863583052Z [err]      self.raise_uncaught_exception(exc)
2026-02-25T16:06:40.863590416Z [err]    File "/usr/local/lib/python3.12/site-packages/rest_framework/views.py", line 486, in raise_uncaught_exception
2026-02-25T16:06:40.863591103Z [err]    File "/usr/local/lib/python3.12/site-packages/rest_framework/throttling.py", line 123, in allow_request
2026-02-25T16:06:40.863595934Z [err]    File "/usr/local/lib/python3.12/site-packages/rest_framework/views.py", line 475, in handle_exception
2026-02-25T16:06:40.863601125Z [err]      raise exc
2026-02-25T16:06:40.863604842Z [err]    File "/usr/local/lib/python3.12/site-packages/rest_framework/views.py", line 422, in initial
2026-02-25T16:06:40.863613004Z [err]      self.check_throttles(request)
2026-02-25T16:06:40.863623069Z [err]    File "/usr/local/lib/python3.12/site-packages/rest_framework/views.py", line 503, in dispatch
2026-02-25T16:06:40.863637123Z [err]      self.initial(request, *args, **kwargs)
2026-02-25T16:06:40.863638239Z [err]    File "/usr/local/lib/python3.12/site-packages/rest_framework/views.py", line 365, in check_throttles
2026-02-25T16:06:40.863650281Z [err]      if not throttle.allow_request(request, self):
2026-02-25T16:06:40.863853976Z [err]      return view_func(request, *args, **kwargs)
2026-02-25T16:06:40.863937376Z [err]      return do()
2026-02-25T16:06:40.863942746Z [err]             ^^^^
2026-02-25T16:06:40.863948050Z [err]    File "/usr/local/lib/python3.12/site-packages/redis/connection.py", line 379, in <lambda>
2026-02-25T16:06:40.863954519Z [err]      lambda: self._connect(), lambda error: self.disconnect(error)
2026-02-25T16:06:40.863960099Z [err]              ^^^^^^^^^^^^^^^
2026-02-25T16:06:40.863967499Z [err]    File "/usr/local/lib/python3.12/site-packages/redis/connection.py", line 764, in _connect
2026-02-25T16:06:40.863973124Z [err]      raise err
2026-02-25T16:06:40.863978655Z [err]    File "/usr/local/lib/python3.12/site-packages/redis/connection.py", line 752, in _connect
2026-02-25T16:06:40.863984329Z [err]      sock.connect(socket_address)
2026-02-25T16:06:40.863990514Z [err]  ConnectionRefusedError: [Errno 111] Connection refused
2026-02-25T16:06:40.863996393Z [err]  
2026-02-25T16:06:40.864003069Z [err]  During handling of the above exception, another exception occurred:
2026-02-25T16:06:40.864008790Z [err]  
2026-02-25T16:06:40.864014839Z [err]  Traceback (most recent call last):
2026-02-25T16:06:40.864021526Z [err]    File "/usr/local/lib/python3.12/site-packages/django/core/handlers/exception.py", line 55, in inner
2026-02-25T16:06:40.864027913Z [err]      response = get_response(request)
2026-02-25T16:06:40.864034279Z [err]                 ^^^^^^^^^^^^^^^^^^^^^
2026-02-25T16:06:40.864040320Z [err]    File "/usr/local/lib/python3.12/site-packages/django/core/handlers/base.py", line 197, in _get_response
2026-02-25T16:06:40.864046367Z [err]      response = wrapped_callback(request, *callback_args, **callback_kwargs)
2026-02-25T16:06:40.864052867Z [err]                 ^^^^^^^^^^^^^^^^^^^^^^^^^^^^^^^^^^^^^^^^^^^^^^^^^^^^^^^^^^^^
2026-02-25T16:06:40.864058955Z [err]    File "/usr/local/lib/python3.12/site-packages/django/views/decorators/csrf.py", line 65, in _view_wrapper
2026-02-25T16:06:40.866892764Z [err]      return func(*args, **kwargs)
2026-02-25T16:06:40.866901762Z [err]             ^^^^^^^^^^^^^^^^^^^^^
2026-02-25T16:06:40.867113193Z [err]      self.history = self.cache.get(self.key, [])
2026-02-25T16:06:40.867118286Z [err]                     ^^^^^^^^^^^^^^^^^^^^^^^^^^^^
2026-02-25T16:06:40.867123416Z [err]    File "/usr/local/lib/python3.12/site-packages/django/core/cache/backends/redis.py", line 188, in get
2026-02-25T16:06:40.867128590Z [err]      return self._cache.get(key, default)
2026-02-25T16:06:40.867134879Z [err]             ^^^^^^^^^^^^^^^^^^^^^^^^^^^^^
2026-02-25T16:06:40.867141122Z [err]    File "/usr/local/lib/python3.12/site-packages/django/core/cache/backends/redis.py", line 100, in get
2026-02-25T16:06:40.867146576Z [err]      value = client.get(key)
2026-02-25T16:06:40.867151774Z [err]              ^^^^^^^^^^^^^^^
2026-02-25T16:06:40.867157251Z [err]    File "/usr/local/lib/python3.12/site-packages/redis/commands/core.py", line 1822, in get
2026-02-25T16:06:40.867162436Z [err]      return self.execute_command("GET", name, keys=[name])
2026-02-25T16:06:40.867167899Z [err]             ^^^^^^^^^^^^^^^^^^^^^^^^^^^^^^^^^^^^^^^^^^^^^^
2026-02-25T16:06:40.867173266Z [err]    File "/usr/local/lib/python3.12/site-packages/redis/client.py", line 605, in execute_command
2026-02-25T16:06:40.867179483Z [err]      return self._execute_command(*args, **options)
2026-02-25T16:06:40.867185789Z [err]             ^^^^^^^^^^^^^^^^^^^^^^^^^^^^^^^^^^^^^^^
2026-02-25T16:06:40.867191884Z [err]    File "/usr/local/lib/python3.12/site-packages/redis/client.py", line 611, in _execute_command
2026-02-25T16:06:40.867197575Z [err]      conn = self.connection or pool.get_connection()
2026-02-25T16:06:40.867202791Z [err]                                ^^^^^^^^^^^^^^^^^^^^^
2026-02-25T16:06:40.867208340Z [err]    File "/usr/local/lib/python3.12/site-packages/redis/utils.py", line 183, in wrapper
2026-02-25T16:06:40.874321119Z [err]    File "/usr/local/lib/python3.12/site-packages/redis/connection.py", line 1483, in get_connection
2026-02-25T16:06:40.874326380Z [err]      connection.connect()
2026-02-25T16:06:40.874331750Z [err]    File "/usr/local/lib/python3.12/site-packages/redis/connection.py", line 384, in connect
2026-02-25T16:06:40.874338905Z [err]      raise ConnectionError(self._error_message(e))
2026-02-25T16:06:40.874344301Z [err]  redis.exceptions.ConnectionError: Error 111 connecting to localhost:6379. Connection refused.
2026-02-25T16:06:40.874349585Z [err]  2026-02-25 21:06:40,589 [INFO] apps: POST /api/v1/auth/google/ 500 0.005s
2026-02-25T16:06:40.874354922Z [inf]  100.64.0.3 - - [25/Feb/2026:21:06:40 +0500] "POST /api/v1/auth/google/ HTTP/1.1" 500 145 "https://frontend-production-76e67.up.railway.app/" "Mozilla/5.0 (Windows NT 10.0; Win64; x64) AppleWebKit/537.36 (KHTML, like Gecko) Chrome/145.0.0.0 Safari/537.36"
2026-02-25T16:06:42.606191808Z [err]  Railway rate limit of 500 logs/sec reached for replica, update your application to reduce the logging rate. Messages dropped: 167
2026-02-25T16:06:52.528541054Z [err]  Railway rate limit of 500 logs/sec reached for replica, update your application to reduce the logging rate. Messages dropped: 250
2026-02-25T16:07:42.646665350Z [err]  2026-02-25 21:07:36,720 [ERROR] apps: Unhandled exception
2026-02-25T16:07:42.646676800Z [err]             ^^^^^^^^^^^^^^^^^^^^^^^^^^^
2026-02-25T16:07:42.646686173Z [err]    File "/usr/local/lib/python3.12/site-packages/redis/retry.py", line 62, in call_with_retry
2026-02-25T16:07:42.646690966Z [err]  Traceback (most recent call last):
2026-02-25T16:07:42.646693331Z [err]      return do()
2026-02-25T16:07:42.646699308Z [err]             ^^^^
2026-02-25T16:07:42.646705997Z [err]    File "/usr/local/lib/python3.12/site-packages/redis/connection.py", line 378, in connect
2026-02-25T16:07:42.646706500Z [err]    File "/usr/local/lib/python3.12/site-packages/redis/connection.py", line 379, in <lambda>
2026-02-25T16:07:42.646717195Z [err]      sock = self.retry.call_with_retry(
2026-02-25T16:07:42.646717522Z [err]      lambda: self._connect(), lambda error: self.disconnect(error)
2026-02-25T16:07:42.646723607Z [err]              ^^^^^^^^^^^^^^^
2026-02-25T16:07:42.646729054Z [err]    File "/usr/local/lib/python3.12/site-packages/redis/connection.py", line 764, in _connect
2026-02-25T16:07:42.646734526Z [err]      raise err
2026-02-25T16:07:42.646740933Z [err]    File "/usr/local/lib/python3.12/site-packages/redis/connection.py", line 752, in _connect
2026-02-25T16:07:42.646747438Z [err]      sock.connect(socket_address)
2026-02-25T16:07:42.646808905Z [err]  ConnectionRefusedError: [Errno 111] Connection refused
2026-02-25T16:07:42.646815463Z [err]  
2026-02-25T16:07:42.646820980Z [err]  During handling of the above exception, another exception occurred:
2026-02-25T16:07:42.646826029Z [err]  
2026-02-25T16:07:42.646831175Z [err]  Traceback (most recent call last):
2026-02-25T16:07:42.646835789Z [err]    File "/usr/local/lib/python3.12/site-packages/rest_framework/views.py", line 503, in dispatch
2026-02-25T16:07:42.646840897Z [err]      self.initial(request, *args, **kwargs)
2026-02-25T16:07:42.652674162Z [err]    File "/usr/local/lib/python3.12/site-packages/rest_framework/views.py", line 422, in initial
2026-02-25T16:07:42.652680252Z [err]      self.check_throttles(request)
2026-02-25T16:07:42.652686518Z [err]    File "/usr/local/lib/python3.12/site-packages/rest_framework/views.py", line 365, in check_throttles
2026-02-25T16:07:42.652692595Z [err]      if not throttle.allow_request(request, self):
2026-02-25T16:07:42.652698190Z [err]             ^^^^^^^^^^^^^^^^^^^^^^^^^^^^^^^^^^^^^
2026-02-25T16:07:42.652704751Z [err]    File "/usr/local/lib/python3.12/site-packages/rest_framework/throttling.py", line 123, in allow_request
2026-02-25T16:07:42.652710161Z [err]      self.history = self.cache.get(self.key, [])
2026-02-25T16:07:42.652716410Z [err]                     ^^^^^^^^^^^^^^^^^^^^^^^^^^^^
2026-02-25T16:07:42.652722718Z [err]    File "/usr/local/lib/python3.12/site-packages/django/core/cache/backends/redis.py", line 188, in get
2026-02-25T16:07:42.652728927Z [err]      return self._cache.get(key, default)
2026-02-25T16:07:42.652734430Z [err]             ^^^^^^^^^^^^^^^^^^^^^^^^^^^^^
2026-02-25T16:07:42.652739486Z [err]    File "/usr/local/lib/python3.12/site-packages/django/core/cache/backends/redis.py", line 100, in get
2026-02-25T16:07:42.652744825Z [err]      value = client.get(key)
2026-02-25T16:07:42.652750987Z [err]              ^^^^^^^^^^^^^^^
2026-02-25T16:07:42.652757073Z [err]    File "/usr/local/lib/python3.12/site-packages/redis/commands/core.py", line 1822, in get
2026-02-25T16:07:42.652762606Z [err]      return self.execute_command("GET", name, keys=[name])
2026-02-25T16:07:42.652768358Z [err]             ^^^^^^^^^^^^^^^^^^^^^^^^^^^^^^^^^^^^^^^^^^^^^^
2026-02-25T16:07:42.652775084Z [err]    File "/usr/local/lib/python3.12/site-packages/redis/client.py", line 605, in execute_command
2026-02-25T16:07:42.652781624Z [err]      return self._execute_command(*args, **options)
2026-02-25T16:07:42.659384492Z [err]             ^^^^^^^^^^^^^^^^^^^^^^^^^^^^^^^^^^^^^^^
2026-02-25T16:07:42.659389877Z [err]    File "/usr/local/lib/python3.12/site-packages/redis/client.py", line 611, in _execute_command
2026-02-25T16:07:42.659396831Z [err]      conn = self.connection or pool.get_connection()
2026-02-25T16:07:42.659402884Z [err]                                ^^^^^^^^^^^^^^^^^^^^^
2026-02-25T16:07:42.659408487Z [err]    File "/usr/local/lib/python3.12/site-packages/redis/utils.py", line 183, in wrapper
2026-02-25T16:07:42.659413438Z [err]      return func(*args, **kwargs)
2026-02-25T16:07:42.659418261Z [err]             ^^^^^^^^^^^^^^^^^^^^^
2026-02-25T16:07:42.659427022Z [err]    File "/usr/local/lib/python3.12/site-packages/redis/connection.py", line 1483, in get_connection
2026-02-25T16:07:42.659433388Z [err]      connection.connect()
2026-02-25T16:07:42.659439453Z [err]    File "/usr/local/lib/python3.12/site-packages/redis/connection.py", line 384, in connect
2026-02-25T16:07:42.659446702Z [err]      raise ConnectionError(self._error_message(e))
2026-02-25T16:07:42.659451888Z [err]  redis.exceptions.ConnectionError: Error 111 connecting to localhost:6379. Connection refused.
2026-02-25T16:07:42.659457127Z [err]  2026-02-25 21:07:36,724 [ERROR] django.request: Internal Server Error: /api/v1/auth/google/
2026-02-25T16:07:42.659462690Z [err]  Traceback (most recent call last):
2026-02-25T16:07:42.659467688Z [err]    File "/usr/local/lib/python3.12/site-packages/redis/connection.py", line 378, in connect
2026-02-25T16:07:42.659472751Z [err]      sock = self.retry.call_with_retry(
2026-02-25T16:07:42.659477936Z [err]             ^^^^^^^^^^^^^^^^^^^^^^^^^^^
2026-02-25T16:07:42.659484428Z [err]    File "/usr/local/lib/python3.12/site-packages/redis/retry.py", line 62, in call_with_retry
2026-02-25T16:07:42.659493920Z [err]      return do()
2026-02-25T16:07:42.659500865Z [err]             ^^^^
2026-02-25T16:07:42.666503368Z [err]    File "/usr/local/lib/python3.12/site-packages/redis/connection.py", line 379, in <lambda>
2026-02-25T16:07:42.666509842Z [err]      lambda: self._connect(), lambda error: self.disconnect(error)
2026-02-25T16:07:42.666515814Z [err]              ^^^^^^^^^^^^^^^
2026-02-25T16:07:42.666523107Z [err]    File "/usr/local/lib/python3.12/site-packages/redis/connection.py", line 764, in _connect
2026-02-25T16:07:42.666532053Z [err]      raise err
2026-02-25T16:07:42.666539144Z [err]    File "/usr/local/lib/python3.12/site-packages/redis/connection.py", line 752, in _connect
2026-02-25T16:07:42.666544996Z [err]      sock.connect(socket_address)
2026-02-25T16:07:42.666550818Z [err]  ConnectionRefusedError: [Errno 111] Connection refused
2026-02-25T16:07:42.666681495Z [err]  
2026-02-25T16:07:42.666690094Z [err]  During handling of the above exception, another exception occurred:
2026-02-25T16:07:42.666697216Z [err]  
2026-02-25T16:07:42.666703935Z [err]  Traceback (most recent call last):
2026-02-25T16:07:42.666710064Z [err]    File "/usr/local/lib/python3.12/site-packages/django/core/handlers/exception.py", line 55, in inner
2026-02-25T16:07:42.666736470Z [err]      response = get_response(request)
2026-02-25T16:07:42.666749617Z [err]                 ^^^^^^^^^^^^^^^^^^^^^
2026-02-25T16:07:42.666755667Z [err]    File "/usr/local/lib/python3.12/site-packages/django/core/handlers/base.py", line 197, in _get_response
2026-02-25T16:07:42.666761348Z [err]      response = wrapped_callback(request, *callback_args, **callback_kwargs)
2026-02-25T16:07:42.666767589Z [err]                 ^^^^^^^^^^^^^^^^^^^^^^^^^^^^^^^^^^^^^^^^^^^^^^^^^^^^^^^^^^^^
2026-02-25T16:07:42.666774795Z [err]    File "/usr/local/lib/python3.12/site-packages/django/views/decorators/csrf.py", line 65, in _view_wrapper
2026-02-25T16:07:42.666781184Z [err]      return view_func(request, *args, **kwargs)
2026-02-25T16:07:42.666787306Z [err]             ^^^^^^^^^^^^^^^^^^^^^^^^^^^^^^^^^^^
2026-02-25T16:07:42.676720129Z [err]    File "/usr/local/lib/python3.12/site-packages/django/views/generic/base.py", line 105, in view
2026-02-25T16:07:42.676727238Z [err]      return self.dispatch(request, *args, **kwargs)
2026-02-25T16:07:42.676735860Z [err]             ^^^^^^^^^^^^^^^^^^^^^^^^^^^^^^^^^^^^^^^
2026-02-25T16:07:42.676742966Z [err]    File "/usr/local/lib/python3.12/site-packages/rest_framework/views.py", line 515, in dispatch
2026-02-25T16:07:42.676749282Z [err]      response = self.handle_exception(exc)
2026-02-25T16:07:42.676756055Z [err]                 ^^^^^^^^^^^^^^^^^^^^^^^^^^
2026-02-25T16:07:42.676762322Z [err]    File "/usr/local/lib/python3.12/site-packages/rest_framework/views.py", line 475, in handle_exception
2026-02-25T16:07:42.676768735Z [err]      self.raise_uncaught_exception(exc)
2026-02-25T16:07:42.676774864Z [err]    File "/usr/local/lib/python3.12/site-packages/rest_framework/views.py", line 486, in raise_uncaught_exception
2026-02-25T16:07:42.676782067Z [err]      raise exc
2026-02-25T16:07:42.676788980Z [err]    File "/usr/local/lib/python3.12/site-packages/rest_framework/views.py", line 503, in dispatch
2026-02-25T16:07:42.676795367Z [err]      self.initial(request, *args, **kwargs)
2026-02-25T16:07:42.676801231Z [err]    File "/usr/local/lib/python3.12/site-packages/rest_framework/views.py", line 422, in initial
2026-02-25T16:07:42.676807478Z [err]      self.check_throttles(request)
2026-02-25T16:07:42.676813500Z [err]    File "/usr/local/lib/python3.12/site-packages/rest_framework/views.py", line 365, in check_throttles
2026-02-25T16:07:42.676820718Z [err]      if not throttle.allow_request(request, self):
2026-02-25T16:07:42.676827275Z [err]             ^^^^^^^^^^^^^^^^^^^^^^^^^^^^^^^^^^^^^
2026-02-25T16:07:42.676833538Z [err]    File "/usr/local/lib/python3.12/site-packages/rest_framework/throttling.py", line 123, in allow_request
2026-02-25T16:07:42.676839156Z [err]      self.history = self.cache.get(self.key, [])
2026-02-25T16:07:42.680479177Z [err]                                ^^^^^^^^^^^^^^^^^^^^^
2026-02-25T16:07:42.680485341Z [err]    File "/usr/local/lib/python3.12/site-packages/redis/utils.py", line 183, in wrapper
2026-02-25T16:07:42.680491166Z [err]      return func(*args, **kwargs)
2026-02-25T16:07:42.680496707Z [err]             ^^^^^^^^^^^^^^^^^^^^^
2026-02-25T16:07:42.680502209Z [err]    File "/usr/local/lib/python3.12/site-packages/redis/connection.py", line 1483, in get_connection
2026-02-25T16:07:42.680510517Z [err]                     ^^^^^^^^^^^^^^^^^^^^^^^^^^^^
2026-02-25T16:07:42.680516000Z [err]    File "/usr/local/lib/python3.12/site-packages/django/core/cache/backends/redis.py", line 188, in get
2026-02-25T16:07:42.680521501Z [err]      return self._cache.get(key, default)
2026-02-25T16:07:42.680526904Z [err]             ^^^^^^^^^^^^^^^^^^^^^^^^^^^^^
2026-02-25T16:07:42.680532801Z [err]    File "/usr/local/lib/python3.12/site-packages/django/core/cache/backends/redis.py", line 100, in get
2026-02-25T16:07:42.680538623Z [err]      value = client.get(key)
2026-02-25T16:07:42.680544989Z [err]              ^^^^^^^^^^^^^^^
2026-02-25T16:07:42.680551524Z [err]    File "/usr/local/lib/python3.12/site-packages/redis/commands/core.py", line 1822, in get
2026-02-25T16:07:42.680557900Z [err]      return self.execute_command("GET", name, keys=[name])
2026-02-25T16:07:42.680563946Z [err]             ^^^^^^^^^^^^^^^^^^^^^^^^^^^^^^^^^^^^^^^^^^^^^^
2026-02-25T16:07:42.680570224Z [err]    File "/usr/local/lib/python3.12/site-packages/redis/client.py", line 605, in execute_command
2026-02-25T16:07:42.680576358Z [err]      return self._execute_command(*args, **options)
2026-02-25T16:07:42.680583037Z [err]             ^^^^^^^^^^^^^^^^^^^^^^^^^^^^^^^^^^^^^^^
2026-02-25T16:07:42.680588300Z [err]    File "/usr/local/lib/python3.12/site-packages/redis/client.py", line 611, in _execute_command
2026-02-25T16:07:42.680594571Z [err]      conn = self.connection or pool.get_connection()
2026-02-25T16:07:42.686679590Z [err]      connection.connect()
2026-02-25T16:07:42.686689263Z [err]    File "/usr/local/lib/python3.12/site-packages/redis/connection.py", line 384, in connect
2026-02-25T16:07:42.686698320Z [err]      raise ConnectionError(self._error_message(e))
2026-02-25T16:07:42.686706737Z [err]  redis.exceptions.ConnectionError: Error 111 connecting to localhost:6379. Connection refused.
2026-02-25T16:07:42.686715829Z [err]  2026-02-25 21:07:36,728 [INFO] apps: POST /api/v1/auth/google/ 500 0.010s
2026-02-25T16:07:42.686724159Z [inf]  100.64.0.3 - - [25/Feb/2026:21:07:36 +0500] "POST /api/v1/auth/google/ HTTP/1.1" 500 145 "https://frontend-production-76e67.up.railway.app/" "Mozilla/5.0 (Windows NT 10.0; Win64; x64) AppleWebKit/537.36 (KHTML, like Gecko) Chrome/145.0.0.0 Safari/537.36"